[02-Apr-2019 07:41:27] ParseError: syntax error, unexpected '<', expecting end of file in /home/uebseu/flex.uebs.eu/site/themes/default/views/templates/home.php at line 4
[02-Apr-2019 07:41:28] ParseError: syntax error, unexpected '<', expecting end of file in /home/uebseu/flex.uebs.eu/site/themes/default/views/templates/home.php at line 4
[02-Apr-2019 07:41:28] ParseError: syntax error, unexpected '<', expecting end of file in /home/uebseu/flex.uebs.eu/site/themes/default/views/templates/home.php at line 4
[02-Apr-2019 07:41:28] ParseError: syntax error, unexpected '<', expecting end of file in /home/uebseu/flex.uebs.eu/site/themes/default/views/templates/home.php at line 4
[02-Apr-2019 07:45:50] ParseError: syntax error, unexpected end of file in /home/uebseu/flex.uebs.eu/site/themes/default/views/templates/home.php at line 17
[02-Apr-2019 07:45:51] ParseError: syntax error, unexpected end of file in /home/uebseu/flex.uebs.eu/site/themes/default/views/templates/home.php at line 17
[02-Apr-2019 07:50:36] ParseError: syntax error, unexpected end of file in /home/uebseu/flex.uebs.eu/site/themes/default/views/templates/home.php at line 17
[02-Apr-2019 07:50:37] ParseError: syntax error, unexpected end of file in /home/uebseu/flex.uebs.eu/site/themes/default/views/templates/home.php at line 17
[02-Apr-2019 07:50:38] ParseError: syntax error, unexpected end of file in /home/uebseu/flex.uebs.eu/site/themes/default/views/templates/home.php at line 17
[02-Apr-2019 07:53:15] ParseError: syntax error, unexpected end of file in /home/uebseu/flex.uebs.eu/site/themes/default/views/templates/home.php at line 8
[02-Apr-2019 07:53:16] ParseError: syntax error, unexpected end of file in /home/uebseu/flex.uebs.eu/site/themes/default/views/templates/home.php at line 8
[02-Apr-2019 07:53:24] ParseError: syntax error, unexpected end of file in /home/uebseu/flex.uebs.eu/site/themes/default/views/templates/home.php at line 17
[02-Apr-2019 07:53:24] ParseError: syntax error, unexpected end of file in /home/uebseu/flex.uebs.eu/site/themes/default/views/templates/home.php at line 17
[02-Apr-2019 07:53:24] ParseError: syntax error, unexpected end of file in /home/uebseu/flex.uebs.eu/site/themes/default/views/templates/home.php at line 17
[02-Apr-2019 07:53:25] ParseError: syntax error, unexpected end of file in /home/uebseu/flex.uebs.eu/site/themes/default/views/templates/home.php at line 17
[02-Apr-2019 08:33:58] RuntimeException: Menu menu does not exist. in /home/uebseu/flex.uebs.eu/flextype/Menus.php at line 35
[02-Apr-2019 08:34:35] RuntimeException: Menu menu- does not exist. in /home/uebseu/flex.uebs.eu/flextype/Menus.php at line 35
[02-Apr-2019 08:35:23] RuntimeException: Menu menu- does not exist. in /home/uebseu/flex.uebs.eu/flextype/Menus.php at line 35
[02-Apr-2019 08:36:11] RuntimeException: Menu menu- does not exist. in /home/uebseu/flex.uebs.eu/flextype/Menus.php at line 35
[02-Apr-2019 08:36:12] RuntimeException: Menu menu- does not exist. in /home/uebseu/flex.uebs.eu/flextype/Menus.php at line 35
[02-Apr-2019 08:36:42] RuntimeException: Menu menu- does not exist. in /home/uebseu/flex.uebs.eu/flextype/Menus.php at line 35
[02-Apr-2019 08:37:32] RuntimeException: Menu menu- does not exist. in /home/uebseu/flex.uebs.eu/flextype/Menus.php at line 35
[02-Apr-2019 08:37:43] RuntimeException: Menu menu- does not exist. in /home/uebseu/flex.uebs.eu/flextype/Menus.php at line 35
[02-Apr-2019 08:38:02] RuntimeException: Menu menu- does not exist. in /home/uebseu/flex.uebs.eu/flextype/Menus.php at line 35
[02-Apr-2019 08:38:11] RuntimeException: Menu menu- does not exist. in /home/uebseu/flex.uebs.eu/flextype/Menus.php at line 35
[02-Apr-2019 08:49:41] RuntimeException: Menu menu- does not exist. in /home/uebseu/flex.uebs.eu/flextype/Menus.php at line 35
[02-Apr-2019 08:58:41] RuntimeException: Menu menu- does not exist. in /home/uebseu/flex.uebs.eu/flextype/Menus.php at line 35
[02-Apr-2019 09:06:27] RuntimeException: Menu menu- does not exist. in /home/uebseu/flex.uebs.eu/flextype/Menus.php at line 35
[02-Apr-2019 09:08:12] RuntimeException: Menu menu- does not exist. in /home/uebseu/flex.uebs.eu/flextype/Menus.php at line 35
[02-Apr-2019 09:08:35] RuntimeException: Menu menu- does not exist. in /home/uebseu/flex.uebs.eu/flextype/Menus.php at line 35
[02-Apr-2019 09:09:25] RuntimeException: Menu menu- does not exist. in /home/uebseu/flex.uebs.eu/flextype/Menus.php at line 35
[02-Apr-2019 09:09:50] RuntimeException: Menu menu- does not exist. in /home/uebseu/flex.uebs.eu/flextype/Menus.php at line 35
[02-Apr-2019 09:11:52] RuntimeException: Menu menu- does not exist. in /home/uebseu/flex.uebs.eu/flextype/Menus.php at line 35
[02-Apr-2019 09:17:22] RuntimeException: Menu menu- does not exist. in /home/uebseu/flex.uebs.eu/flextype/Menus.php at line 35
[02-Apr-2019 09:18:45] RuntimeException: Menu menu- does not exist. in /home/uebseu/flex.uebs.eu/flextype/Menus.php at line 35
[02-Apr-2019 09:19:20] RuntimeException: Menu menu- does not exist. in /home/uebseu/flex.uebs.eu/flextype/Menus.php at line 35
[02-Apr-2019 09:19:33] RuntimeException: Menu menu- does not exist. in /home/uebseu/flex.uebs.eu/flextype/Menus.php at line 35
[02-Apr-2019 09:20:55] RuntimeException: Menu menu- does not exist. in /home/uebseu/flex.uebs.eu/flextype/Menus.php at line 35
[02-Apr-2019 09:21:21] RuntimeException: Menu menu- does not exist. in /home/uebseu/flex.uebs.eu/flextype/Menus.php at line 35
[02-Apr-2019 09:22:49] ParseError: syntax error, unexpected ',' in /home/uebseu/flex.uebs.eu/site/themes/default/views/partials/gallery.php at line 3
[02-Apr-2019 09:24:02] Error: Class 'Flextype\Arr' not found in /home/uebseu/flex.uebs.eu/site/themes/default/views/partials/gallery.php at line 3
[02-Apr-2019 09:24:03] Error: Class 'Flextype\Arr' not found in /home/uebseu/flex.uebs.eu/site/themes/default/views/partials/gallery.php at line 3
[02-Apr-2019 09:24:24] RuntimeException: Menu menu- does not exist. in /home/uebseu/flex.uebs.eu/flextype/Menus.php at line 35
[02-Apr-2019 09:24:52] Error: Class 'Flextype\Arr' not found in /home/uebseu/flex.uebs.eu/site/themes/default/views/partials/gallery.php at line 3
[02-Apr-2019 09:28:00] RuntimeException: Menu menu- does not exist. in /home/uebseu/flex.uebs.eu/flextype/Menus.php at line 35
[02-Apr-2019 09:28:01] RuntimeException: Menu menu- does not exist. in /home/uebseu/flex.uebs.eu/flextype/Menus.php at line 35
[02-Apr-2019 09:29:38] RuntimeException: Menu menu- does not exist. in /home/uebseu/flex.uebs.eu/flextype/Menus.php at line 35
[02-Apr-2019 09:30:21] RuntimeException: Menu menu- does not exist. in /home/uebseu/flex.uebs.eu/flextype/Menus.php at line 35
[02-Apr-2019 09:31:13] RuntimeException: Menu menu- does not exist. in /home/uebseu/flex.uebs.eu/flextype/Menus.php at line 35
[02-Apr-2019 09:31:36] RuntimeException: Menu menu- does not exist. in /home/uebseu/flex.uebs.eu/flextype/Menus.php at line 35
[02-Apr-2019 09:32:09] RuntimeException: Menu menu- does not exist. in /home/uebseu/flex.uebs.eu/flextype/Menus.php at line 35
[02-Apr-2019 09:32:10] RuntimeException: Menu menu- does not exist. in /home/uebseu/flex.uebs.eu/flextype/Menus.php at line 35
[02-Apr-2019 09:32:19] RuntimeException: Menu menu- does not exist. in /home/uebseu/flex.uebs.eu/flextype/Menus.php at line 35
[02-Apr-2019 09:32:59] RuntimeException: Menu menu- does not exist. in /home/uebseu/flex.uebs.eu/flextype/Menus.php at line 35
[02-Apr-2019 09:32:59] RuntimeException: Menu menu- does not exist. in /home/uebseu/flex.uebs.eu/flextype/Menus.php at line 35
[02-Apr-2019 09:33:55] RuntimeException: Menu menu- does not exist. in /home/uebseu/flex.uebs.eu/flextype/Menus.php at line 35
[02-Apr-2019 09:34:19] RuntimeException: Menu menu- does not exist. in /home/uebseu/flex.uebs.eu/flextype/Menus.php at line 35
[02-Apr-2019 09:34:51] RuntimeException: Menu menu- does not exist. in /home/uebseu/flex.uebs.eu/flextype/Menus.php at line 35
[02-Apr-2019 09:36:26] ParseError: syntax error, unexpected 'title' (T_STRING), expecting ']' in /home/uebseu/flex.uebs.eu/site/themes/default/views/partials/gallery.php at line 9
[02-Apr-2019 09:37:27] ParseError: syntax error, unexpected 'title' (T_STRING), expecting ']' in /home/uebseu/flex.uebs.eu/site/themes/default/views/partials/gallery.php at line 9
[02-Apr-2019 09:37:28] ParseError: syntax error, unexpected 'title' (T_STRING), expecting ']' in /home/uebseu/flex.uebs.eu/site/themes/default/views/partials/gallery.php at line 9
[02-Apr-2019 09:39:37] ParseError: syntax error, unexpected 'title' (T_STRING), expecting ']' in /home/uebseu/flex.uebs.eu/site/themes/default/views/partials/gallery.php at line 9
[02-Apr-2019 09:39:37] ParseError: syntax error, unexpected 'title' (T_STRING), expecting ']' in /home/uebseu/flex.uebs.eu/site/themes/default/views/partials/gallery.php at line 9
[02-Apr-2019 09:39:37] ParseError: syntax error, unexpected 'title' (T_STRING), expecting ']' in /home/uebseu/flex.uebs.eu/site/themes/default/views/partials/gallery.php at line 9
[02-Apr-2019 09:39:38] ParseError: syntax error, unexpected 'title' (T_STRING), expecting ']' in /home/uebseu/flex.uebs.eu/site/themes/default/views/partials/gallery.php at line 9
[02-Apr-2019 09:40:19] ParseError: syntax error, unexpected '}', expecting ',' or ';' in /home/uebseu/flex.uebs.eu/site/themes/default/views/partials/gallery.php at line 6
[02-Apr-2019 09:40:19] ParseError: syntax error, unexpected '}', expecting ',' or ';' in /home/uebseu/flex.uebs.eu/site/themes/default/views/partials/gallery.php at line 6
[02-Apr-2019 09:40:19] ParseError: syntax error, unexpected '}', expecting ',' or ';' in /home/uebseu/flex.uebs.eu/site/themes/default/views/partials/gallery.php at line 6
[02-Apr-2019 09:40:19] ParseError: syntax error, unexpected '}', expecting ',' or ';' in /home/uebseu/flex.uebs.eu/site/themes/default/views/partials/gallery.php at line 6
[02-Apr-2019 09:40:20] ParseError: syntax error, unexpected '}', expecting ',' or ';' in /home/uebseu/flex.uebs.eu/site/themes/default/views/partials/gallery.php at line 6
[02-Apr-2019 09:40:52] RuntimeException: Menu menu- does not exist. in /home/uebseu/flex.uebs.eu/flextype/Menus.php at line 35
[02-Apr-2019 09:50:57] RuntimeException: Menu menu- does not exist. in /home/uebseu/flex.uebs.eu/flextype/Menus.php at line 35
[02-Apr-2019 09:51:16] RuntimeException: Menu menu- does not exist. in /home/uebseu/flex.uebs.eu/flextype/Menus.php at line 35
[02-Apr-2019 09:51:46] RuntimeException: Menu menu- does not exist. in /home/uebseu/flex.uebs.eu/flextype/Menus.php at line 35
[02-Apr-2019 09:52:51] Error: Class 'Flextype\Arr' not found in /home/uebseu/flex.uebs.eu/site/themes/default/views/partials/gallery.php at line 3
[02-Apr-2019 09:53:13] RuntimeException: Menu menu- does not exist. in /home/uebseu/flex.uebs.eu/flextype/Menus.php at line 35
[02-Apr-2019 09:54:47] RuntimeException: Menu menu- does not exist. in /home/uebseu/flex.uebs.eu/flextype/Menus.php at line 35
[02-Apr-2019 09:55:08] ParseError: syntax error, unexpected ')' in /home/uebseu/flex.uebs.eu/site/themes/default/views/partials/gallery.php at line 4
[02-Apr-2019 09:56:02] RuntimeException: Menu menu- does not exist. in /home/uebseu/flex.uebs.eu/flextype/Menus.php at line 35
[02-Apr-2019 09:56:45] ParseError: syntax error, unexpected '<' in /home/uebseu/flex.uebs.eu/site/themes/default/views/partials/gallery.php at line 9
[02-Apr-2019 09:56:52] RuntimeException: Menu menu- does not exist. in /home/uebseu/flex.uebs.eu/flextype/Menus.php at line 35
[02-Apr-2019 09:57:33] RuntimeException: Menu menu- does not exist. in /home/uebseu/flex.uebs.eu/flextype/Menus.php at line 35
[02-Apr-2019 09:57:39] RuntimeException: Menu menu- does not exist. in /home/uebseu/flex.uebs.eu/flextype/Menus.php at line 35
[02-Apr-2019 09:59:31] RuntimeException: Menu menu- does not exist. in /home/uebseu/flex.uebs.eu/flextype/Menus.php at line 35
[02-Apr-2019 10:00:06] RuntimeException: Menu menu- does not exist. in /home/uebseu/flex.uebs.eu/flextype/Menus.php at line 35
[02-Apr-2019 10:01:13] RuntimeException: Menu menu- does not exist. in /home/uebseu/flex.uebs.eu/flextype/Menus.php at line 35
[02-Apr-2019 10:06:03] RuntimeException: Menu menu- does not exist. in /home/uebseu/flex.uebs.eu/flextype/Menus.php at line 35
[02-Apr-2019 10:07:52] RuntimeException: Menu menu- does not exist. in /home/uebseu/flex.uebs.eu/flextype/Menus.php at line 35
[02-Apr-2019 10:09:18] RuntimeException: Menu menu- does not exist. in /home/uebseu/flex.uebs.eu/flextype/Menus.php at line 35
[02-Apr-2019 10:09:19] RuntimeException: Menu menu- does not exist. in /home/uebseu/flex.uebs.eu/flextype/Menus.php at line 35
[02-Apr-2019 10:10:18] RuntimeException: Menu menu- does not exist. in /home/uebseu/flex.uebs.eu/flextype/Menus.php at line 35
[02-Apr-2019 10:10:18] RuntimeException: Menu menu- does not exist. in /home/uebseu/flex.uebs.eu/flextype/Menus.php at line 35
[02-Apr-2019 10:10:18] RuntimeException: Menu menu- does not exist. in /home/uebseu/flex.uebs.eu/flextype/Menus.php at line 35
[02-Apr-2019 10:10:23] RuntimeException: Menu menu- does not exist. in /home/uebseu/flex.uebs.eu/flextype/Menus.php at line 35
[02-Apr-2019 10:10:24] RuntimeException: Menu menu- does not exist. in /home/uebseu/flex.uebs.eu/flextype/Menus.php at line 35
[02-Apr-2019 10:11:47] RuntimeException: Menu menu- does not exist. in /home/uebseu/flex.uebs.eu/flextype/Menus.php at line 35
[02-Apr-2019 10:11:48] RuntimeException: Menu menu- does not exist. in /home/uebseu/flex.uebs.eu/flextype/Menus.php at line 35
[02-Apr-2019 10:11:48] RuntimeException: Menu menu- does not exist. in /home/uebseu/flex.uebs.eu/flextype/Menus.php at line 35
[02-Apr-2019 10:11:49] RuntimeException: Menu menu- does not exist. in /home/uebseu/flex.uebs.eu/flextype/Menus.php at line 35
[02-Apr-2019 10:12:23] RuntimeException: Menu menu- does not exist. in /home/uebseu/flex.uebs.eu/flextype/Menus.php at line 35
[02-Apr-2019 10:13:08] RuntimeException: Menu menu- does not exist. in /home/uebseu/flex.uebs.eu/flextype/Menus.php at line 35
[02-Apr-2019 10:13:09] RuntimeException: Menu menu- does not exist. in /home/uebseu/flex.uebs.eu/flextype/Menus.php at line 35
[02-Apr-2019 10:18:03] RuntimeException: Menu menu- does not exist. in /home/uebseu/flex.uebs.eu/flextype/Menus.php at line 35
[02-Apr-2019 10:18:04] RuntimeException: Menu menu- does not exist. in /home/uebseu/flex.uebs.eu/flextype/Menus.php at line 35
[02-Apr-2019 10:18:12] RuntimeException: Menu menu- does not exist. in /home/uebseu/flex.uebs.eu/flextype/Menus.php at line 35
[02-Apr-2019 10:18:13] RuntimeException: Menu menu- does not exist. in /home/uebseu/flex.uebs.eu/flextype/Menus.php at line 35
[02-Apr-2019 10:18:20] RuntimeException: Menu menu- does not exist. in /home/uebseu/flex.uebs.eu/flextype/Menus.php at line 35
[02-Apr-2019 10:18:21] RuntimeException: Menu menu- does not exist. in /home/uebseu/flex.uebs.eu/flextype/Menus.php at line 35
[02-Apr-2019 10:19:51] RuntimeException: Menu menu- does not exist. in /home/uebseu/flex.uebs.eu/flextype/Menus.php at line 35
[02-Apr-2019 10:19:52] RuntimeException: Menu menu- does not exist. in /home/uebseu/flex.uebs.eu/flextype/Menus.php at line 35
[02-Apr-2019 10:20:16] RuntimeException: Menu menu- does not exist. in /home/uebseu/flex.uebs.eu/flextype/Menus.php at line 35
[02-Apr-2019 10:20:17] RuntimeException: Menu menu- does not exist. in /home/uebseu/flex.uebs.eu/flextype/Menus.php at line 35
[02-Apr-2019 10:20:17] RuntimeException: Menu menu- does not exist. in /home/uebseu/flex.uebs.eu/flextype/Menus.php at line 35
[02-Apr-2019 10:20:51] RuntimeException: Menu menu- does not exist. in /home/uebseu/flex.uebs.eu/flextype/Menus.php at line 35
[02-Apr-2019 10:20:52] RuntimeException: Menu menu- does not exist. in /home/uebseu/flex.uebs.eu/flextype/Menus.php at line 35
[02-Apr-2019 10:21:19] RuntimeException: Menu menu- does not exist. in /home/uebseu/flex.uebs.eu/flextype/Menus.php at line 35
[02-Apr-2019 10:26:10] RuntimeException: Menu menu- does not exist. in /home/uebseu/flex.uebs.eu/flextype/Menus.php at line 35
[02-Apr-2019 10:26:22] RuntimeException: Menu menu- does not exist. in /home/uebseu/flex.uebs.eu/flextype/Menus.php at line 35
[02-Apr-2019 10:27:16] RuntimeException: Menu menu- does not exist. in /home/uebseu/flex.uebs.eu/flextype/Menus.php at line 35
[02-Apr-2019 10:27:18] RuntimeException: Menu menu- does not exist. in /home/uebseu/flex.uebs.eu/flextype/Menus.php at line 35
[02-Apr-2019 10:27:43] RuntimeException: Menu menu- does not exist. in /home/uebseu/flex.uebs.eu/flextype/Menus.php at line 35
[02-Apr-2019 10:27:53] RuntimeException: Menu menu- does not exist. in /home/uebseu/flex.uebs.eu/flextype/Menus.php at line 35
[02-Apr-2019 10:27:53] RuntimeException: Menu menu- does not exist. in /home/uebseu/flex.uebs.eu/flextype/Menus.php at line 35
[02-Apr-2019 10:28:12] RuntimeException: Flextype\Component\View\View::__construct(): The '/home/uebseu/flex.uebs.eu/site/plugins/templates/blog-post' view does not exist. in /home/uebseu/flex.uebs.eu/vendor/flextype-components/view/View.php at line 74
[02-Apr-2019 10:29:16] RuntimeException: Menu menu- does not exist. in /home/uebseu/flex.uebs.eu/flextype/Menus.php at line 35
[02-Apr-2019 10:29:16] RuntimeException: Menu menu- does not exist. in /home/uebseu/flex.uebs.eu/flextype/Menus.php at line 35
[02-Apr-2019 10:29:49] ParseError: syntax error, unexpected ')', expecting ',' or ';' in /home/uebseu/flex.uebs.eu/site/themes/default/views/partials/home.php at line 6
[02-Apr-2019 10:30:01] RuntimeException: Menu menu- does not exist. in /home/uebseu/flex.uebs.eu/flextype/Menus.php at line 35
[02-Apr-2019 10:30:01] RuntimeException: Menu menu- does not exist. in /home/uebseu/flex.uebs.eu/flextype/Menus.php at line 35
[02-Apr-2019 10:30:18] RuntimeException: Menu menu- does not exist. in /home/uebseu/flex.uebs.eu/flextype/Menus.php at line 35
[02-Apr-2019 10:30:18] RuntimeException: Menu menu- does not exist. in /home/uebseu/flex.uebs.eu/flextype/Menus.php at line 35
[02-Apr-2019 10:30:39] RuntimeException: Menu menu- does not exist. in /home/uebseu/flex.uebs.eu/flextype/Menus.php at line 35
[02-Apr-2019 10:30:39] RuntimeException: Menu menu- does not exist. in /home/uebseu/flex.uebs.eu/flextype/Menus.php at line 35
[02-Apr-2019 10:31:37] RuntimeException: Menu menu- does not exist. in /home/uebseu/flex.uebs.eu/flextype/Menus.php at line 35
[02-Apr-2019 10:31:37] RuntimeException: Menu menu- does not exist. in /home/uebseu/flex.uebs.eu/flextype/Menus.php at line 35
[02-Apr-2019 10:31:50] RuntimeException: Menu menu- does not exist. in /home/uebseu/flex.uebs.eu/flextype/Menus.php at line 35
[02-Apr-2019 10:33:29] RuntimeException: Menu menu- does not exist. in /home/uebseu/flex.uebs.eu/flextype/Menus.php at line 35
[02-Apr-2019 10:34:11] RuntimeException: Menu menu- does not exist. in /home/uebseu/flex.uebs.eu/flextype/Menus.php at line 35
[02-Apr-2019 10:34:19] RuntimeException: Flextype\Component\View\View::__construct(): The '/home/uebseu/flex.uebs.eu/site/plugins/templates/blog-post' view does not exist. in /home/uebseu/flex.uebs.eu/vendor/flextype-components/view/View.php at line 74
[02-Apr-2019 10:34:23] RuntimeException: Menu menu- does not exist. in /home/uebseu/flex.uebs.eu/flextype/Menus.php at line 35
[02-Apr-2019 10:35:45] RuntimeException: Flextype\Component\View\View::__construct(): The '/home/uebseu/flex.uebs.eu/site/plugins/templates/blog-post' view does not exist. in /home/uebseu/flex.uebs.eu/vendor/flextype-components/view/View.php at line 74
[02-Apr-2019 10:35:57] RuntimeException: Flextype\Component\View\View::__construct(): The '/home/uebseu/flex.uebs.eu/site/plugins/templates/blog-post' view does not exist. in /home/uebseu/flex.uebs.eu/vendor/flextype-components/view/View.php at line 74
[02-Apr-2019 10:36:02] RuntimeException: Flextype\Component\View\View::__construct(): The '/home/uebseu/flex.uebs.eu/site/plugins/templates/blog-post' view does not exist. in /home/uebseu/flex.uebs.eu/vendor/flextype-components/view/View.php at line 74
[02-Apr-2019 10:36:09] RuntimeException: Flextype\Component\View\View::__construct(): The '/home/uebseu/flex.uebs.eu/site/plugins/templates/blog-post' view does not exist. in /home/uebseu/flex.uebs.eu/vendor/flextype-components/view/View.php at line 74
[02-Apr-2019 10:37:21] RuntimeException: Menu menu- does not exist. in /home/uebseu/flex.uebs.eu/flextype/Menus.php at line 35
[02-Apr-2019 10:37:21] RuntimeException: Menu menu- does not exist. in /home/uebseu/flex.uebs.eu/flextype/Menus.php at line 35
[02-Apr-2019 10:37:22] RuntimeException: Menu menu- does not exist. in /home/uebseu/flex.uebs.eu/flextype/Menus.php at line 35
[02-Apr-2019 10:37:22] RuntimeException: Menu menu- does not exist. in /home/uebseu/flex.uebs.eu/flextype/Menus.php at line 35
[02-Apr-2019 10:37:37] RuntimeException: Menu menu- does not exist. in /home/uebseu/flex.uebs.eu/flextype/Menus.php at line 35
[02-Apr-2019 10:37:39] RuntimeException: Menu menu- does not exist. in /home/uebseu/flex.uebs.eu/flextype/Menus.php at line 35
[02-Apr-2019 10:38:18] RuntimeException: Menu menu- does not exist. in /home/uebseu/flex.uebs.eu/flextype/Menus.php at line 35
[02-Apr-2019 10:39:17] RuntimeException: Menu menu- does not exist. in /home/uebseu/flex.uebs.eu/flextype/Menus.php at line 35
[02-Apr-2019 10:39:41] RuntimeException: Menu menu- does not exist. in /home/uebseu/flex.uebs.eu/flextype/Menus.php at line 35
[02-Apr-2019 10:39:57] RuntimeException: Menu menu- does not exist. in /home/uebseu/flex.uebs.eu/flextype/Menus.php at line 35
[02-Apr-2019 10:40:40] RuntimeException: Menu menu- does not exist. in /home/uebseu/flex.uebs.eu/flextype/Menus.php at line 35
[02-Apr-2019 10:40:40] RuntimeException: Menu menu- does not exist. in /home/uebseu/flex.uebs.eu/flextype/Menus.php at line 35
[02-Apr-2019 10:40:57] RuntimeException: Menu menu- does not exist. in /home/uebseu/flex.uebs.eu/flextype/Menus.php at line 35
[02-Apr-2019 10:41:41] RuntimeException: Menu menu- does not exist. in /home/uebseu/flex.uebs.eu/flextype/Menus.php at line 35
[02-Apr-2019 10:43:31] RuntimeException: Flextype\Component\View\View::__construct(): The '/home/uebseu/flex.uebs.eu/site/plugins/partials/headDarker' view does not exist. in /home/uebseu/flex.uebs.eu/vendor/flextype-components/view/View.php at line 74
[02-Apr-2019 10:44:15] RuntimeException: Menu menu- does not exist. in /home/uebseu/flex.uebs.eu/flextype/Menus.php at line 35
[02-Apr-2019 10:44:16] RuntimeException: Menu menu- does not exist. in /home/uebseu/flex.uebs.eu/flextype/Menus.php at line 35
[02-Apr-2019 13:01:29] Intervention\Image\Exception\NotReadableException: Unsupported image type. GD driver is only able to decode JPG, PNG, GIF or WebP files. in /home/uebseu/flex.uebs.eu/vendor/intervention/image/src/Intervention/Image/Gd/Decoder.php at line 57
