[10-May-2019 07:41:55] RuntimeException: Flextype\Component\View\View::__construct(): The 'C:/xampp/htdocs/flex2/site/plugins/templates/default' view does not exist. in C:\xampp\htdocs\flex2\vendor\flextype-components\view\View.php at line 74
[10-May-2019 07:41:58] RuntimeException: Flextype\Component\View\View::__construct(): The 'C:/xampp/htdocs/flex2/site/plugins/templates/default' view does not exist. in C:\xampp\htdocs\flex2\vendor\flextype-components\view\View.php at line 74
[10-May-2019 07:42:04] RuntimeException: Flextype\Component\View\View::__construct(): The 'C:/xampp/htdocs/flex2/site/plugins/templates/default' view does not exist. in C:\xampp\htdocs\flex2\vendor\flextype-components\view\View.php at line 74
[10-May-2019 07:49:11] RuntimeException: Flextype\Component\View\View::__construct(): The 'C:/xampp/htdocs/flex2/site/plugins/templates/default' view does not exist. in C:\xampp\htdocs\flex2\vendor\flextype-components\view\View.php at line 74
[10-May-2019 07:51:05] RuntimeException: Flextype\Component\View\View::__construct(): The 'C:/xampp/htdocs/flex2/site/plugins/templates/default' view does not exist. in C:\xampp\htdocs\flex2\vendor\flextype-components\view\View.php at line 74
[10-May-2019 07:51:07] RuntimeException: Flextype\Component\View\View::__construct(): The 'C:/xampp/htdocs/flex2/site/plugins/templates/default' view does not exist. in C:\xampp\htdocs\flex2\vendor\flextype-components\view\View.php at line 74
[10-May-2019 08:13:38] RuntimeException: Flextype\Component\View\View::__construct(): The 'C:/xampp/htdocs/flex2/site/plugins/templates/default' view does not exist. in C:\xampp\htdocs\flex2\vendor\flextype-components\view\View.php at line 74
[10-May-2019 08:14:11] RuntimeException: Flextype\Component\View\View::__construct(): The 'C:/xampp/htdocs/flex2/site/plugins/templates/default' view does not exist. in C:\xampp\htdocs\flex2\vendor\flextype-components\view\View.php at line 74
[10-May-2019 08:24:14] ErrorException: Notice: Undefined index: parallax in C:\xampp\htdocs\flex2\site\plugins\admin\views\templates\system\settings\list.php at line 100
[10-May-2019 08:24:14] RuntimeException: Flextype\Component\View\View::__construct(): The 'C:/xampp/htdocs/flex2/site/plugins/templates/default' view does not exist. in C:\xampp\htdocs\flex2\vendor\flextype-components\view\View.php at line 74
[10-May-2019 08:30:14] RuntimeException: Flextype\Component\View\View::__construct(): The 'C:/xampp/htdocs/flex2/site/plugins/templates/default' view does not exist. in C:\xampp\htdocs\flex2\vendor\flextype-components\view\View.php at line 74
[10-May-2019 08:32:53] RuntimeException: Flextype\Component\View\View::__construct(): The 'C:/xampp/htdocs/flex2/site/plugins/templates/default' view does not exist. in C:\xampp\htdocs\flex2\vendor\flextype-components\view\View.php at line 74
[10-May-2019 08:33:18] RuntimeException: Flextype\Component\View\View::__construct(): The 'C:/xampp/htdocs/flex2/site/plugins/templates/default' view does not exist. in C:\xampp\htdocs\flex2\vendor\flextype-components\view\View.php at line 74
[10-May-2019 08:33:19] RuntimeException: Flextype\Component\View\View::__construct(): The 'C:/xampp/htdocs/flex2/site/plugins/templates/default' view does not exist. in C:\xampp\htdocs\flex2\vendor\flextype-components\view\View.php at line 74
[10-May-2019 08:33:20] RuntimeException: Flextype\Component\View\View::__construct(): The 'C:/xampp/htdocs/flex2/site/plugins/templates/default' view does not exist. in C:\xampp\htdocs\flex2\vendor\flextype-components\view\View.php at line 74
[10-May-2019 08:33:23] RuntimeException: Flextype\Component\View\View::__construct(): The 'C:/xampp/htdocs/flex2/site/plugins/templates/default' view does not exist. in C:\xampp\htdocs\flex2\vendor\flextype-components\view\View.php at line 74
[10-May-2019 08:34:00] RuntimeException: Flextype\Component\View\View::__construct(): The 'C:/xampp/htdocs/flex2/site/plugins/templates/default' view does not exist. in C:\xampp\htdocs\flex2\vendor\flextype-components\view\View.php at line 74
[10-May-2019 08:34:33] RuntimeException: Flextype\Component\View\View::__construct(): The 'C:/xampp/htdocs/flex2/site/plugins/templates/default' view does not exist. in C:\xampp\htdocs\flex2\vendor\flextype-components\view\View.php at line 74
[10-May-2019 08:34:50] RuntimeException: Flextype\Component\View\View::__construct(): The 'C:/xampp/htdocs/flex2/site/plugins/templates/default' view does not exist. in C:\xampp\htdocs\flex2\vendor\flextype-components\view\View.php at line 74
[10-May-2019 08:36:16] RuntimeException: Flextype\Component\View\View::__construct(): The 'C:/xampp/htdocs/flex2/site/plugins/templates/default' view does not exist. in C:\xampp\htdocs\flex2\vendor\flextype-components\view\View.php at line 74
[10-May-2019 08:36:19] RuntimeException: Flextype\Component\View\View::__construct(): The 'C:/xampp/htdocs/flex2/site/plugins/templates/default' view does not exist. in C:\xampp\htdocs\flex2\vendor\flextype-components\view\View.php at line 74
[10-May-2019 08:37:44] RuntimeException: Flextype\Component\View\View::__construct(): The 'C:/xampp/htdocs/flex2/site/plugins/templates/default' view does not exist. in C:\xampp\htdocs\flex2\vendor\flextype-components\view\View.php at line 74
[10-May-2019 08:37:45] RuntimeException: Flextype\Component\View\View::__construct(): The 'C:/xampp/htdocs/flex2/site/plugins/templates/default' view does not exist. in C:\xampp\htdocs\flex2\vendor\flextype-components\view\View.php at line 74
[10-May-2019 08:37:48] RuntimeException: Flextype\Component\View\View::__construct(): The 'C:/xampp/htdocs/flex2/site/plugins/templates/default' view does not exist. in C:\xampp\htdocs\flex2\vendor\flextype-components\view\View.php at line 74
[10-May-2019 08:37:52] TypeError: Argument 1 passed to Flextype\YamlParser::decode() must be of the type string, null given, called in C:\xampp\htdocs\flex2\site\plugins\admin\classes\EntriesManager.php on line 308 in C:\xampp\htdocs\flex2\flextype\parsers\YamlParser.php at line 96
[10-May-2019 08:37:52] RuntimeException: Flextype\Component\View\View::__construct(): The 'C:/xampp/htdocs/flex2/site/plugins/templates/default' view does not exist. in C:\xampp\htdocs\flex2\vendor\flextype-components\view\View.php at line 74
[10-May-2019 08:37:59] RuntimeException: Flextype\Component\View\View::__construct(): The 'C:/xampp/htdocs/flex2/site/plugins/templates/default' view does not exist. in C:\xampp\htdocs\flex2\vendor\flextype-components\view\View.php at line 74
[10-May-2019 08:38:01] RuntimeException: Flextype\Component\View\View::__construct(): The 'C:/xampp/htdocs/flex2/site/plugins/templates/default' view does not exist. in C:\xampp\htdocs\flex2\vendor\flextype-components\view\View.php at line 74
[10-May-2019 08:38:02] RuntimeException: Flextype\Component\View\View::__construct(): The 'C:/xampp/htdocs/flex2/site/plugins/templates/default' view does not exist. in C:\xampp\htdocs\flex2\vendor\flextype-components\view\View.php at line 74
[10-May-2019 08:38:16] RuntimeException: Flextype\Component\View\View::__construct(): The 'C:/xampp/htdocs/flex2/site/plugins/templates/default' view does not exist. in C:\xampp\htdocs\flex2\vendor\flextype-components\view\View.php at line 74
[10-May-2019 08:38:17] RuntimeException: Flextype\Component\View\View::__construct(): The 'C:/xampp/htdocs/flex2/site/plugins/templates/default' view does not exist. in C:\xampp\htdocs\flex2\vendor\flextype-components\view\View.php at line 74
[10-May-2019 08:38:18] RuntimeException: Flextype\Component\View\View::__construct(): The 'C:/xampp/htdocs/flex2/site/plugins/templates/default' view does not exist. in C:\xampp\htdocs\flex2\vendor\flextype-components\view\View.php at line 74
[10-May-2019 08:38:25] RuntimeException: Flextype\Component\View\View::__construct(): The 'C:/xampp/htdocs/flex2/site/plugins/templates/default' view does not exist. in C:\xampp\htdocs\flex2\vendor\flextype-components\view\View.php at line 74
[10-May-2019 08:38:27] RuntimeException: Flextype\Component\View\View::__construct(): The 'C:/xampp/htdocs/flex2/site/plugins/templates/default' view does not exist. in C:\xampp\htdocs\flex2\vendor\flextype-components\view\View.php at line 74
[10-May-2019 08:38:51] RuntimeException: Flextype\Component\View\View::__construct(): The 'C:/xampp/htdocs/flex2/site/plugins/templates/default' view does not exist. in C:\xampp\htdocs\flex2\vendor\flextype-components\view\View.php at line 74
[10-May-2019 08:39:04] RuntimeException: Flextype\Component\View\View::__construct(): The 'C:/xampp/htdocs/flex2/site/plugins/templates/default' view does not exist. in C:\xampp\htdocs\flex2\vendor\flextype-components\view\View.php at line 74
[10-May-2019 08:39:06] RuntimeException: Flextype\Component\View\View::__construct(): The 'C:/xampp/htdocs/flex2/site/plugins/templates/default' view does not exist. in C:\xampp\htdocs\flex2\vendor\flextype-components\view\View.php at line 74
[10-May-2019 08:47:14] RuntimeException: Flextype\Component\View\View::__construct(): The 'C:/xampp/htdocs/flex2/site/plugins/templates/default' view does not exist. in C:\xampp\htdocs\flex2\vendor\flextype-components\view\View.php at line 74
[10-May-2019 08:47:23] RuntimeException: Flextype\Component\View\View::__construct(): The 'C:/xampp/htdocs/flex2/site/plugins/templates/default' view does not exist. in C:\xampp\htdocs\flex2\vendor\flextype-components\view\View.php at line 74
[10-May-2019 08:47:25] RuntimeException: Flextype\Component\View\View::__construct(): The 'C:/xampp/htdocs/flex2/site/plugins/templates/default' view does not exist. in C:\xampp\htdocs\flex2\vendor\flextype-components\view\View.php at line 74
[10-May-2019 08:47:27] RuntimeException: Flextype\Component\View\View::__construct(): The 'C:/xampp/htdocs/flex2/site/plugins/templates/default' view does not exist. in C:\xampp\htdocs\flex2\vendor\flextype-components\view\View.php at line 74
[10-May-2019 08:47:28] RuntimeException: Flextype\Component\View\View::__construct(): The 'C:/xampp/htdocs/flex2/site/plugins/templates/default' view does not exist. in C:\xampp\htdocs\flex2\vendor\flextype-components\view\View.php at line 74
[10-May-2019 08:47:28] RuntimeException: Flextype\Component\View\View::__construct(): The 'C:/xampp/htdocs/flex2/site/plugins/templates/default' view does not exist. in C:\xampp\htdocs\flex2\vendor\flextype-components\view\View.php at line 74
[10-May-2019 08:47:28] RuntimeException: Flextype\Component\View\View::__construct(): The 'C:/xampp/htdocs/flex2/site/plugins/templates/default' view does not exist. in C:\xampp\htdocs\flex2\vendor\flextype-components\view\View.php at line 74
[10-May-2019 08:47:36] ErrorException: Notice: Undefined index: parallax in C:\xampp\htdocs\flex2\site\plugins\admin\views\templates\system\settings\list.php at line 100
[10-May-2019 08:47:36] RuntimeException: Flextype\Component\View\View::__construct(): The 'C:/xampp/htdocs/flex2/site/plugins/templates/default' view does not exist. in C:\xampp\htdocs\flex2\vendor\flextype-components\view\View.php at line 74
[10-May-2019 08:47:39] ErrorException: Notice: Undefined index: parallax in C:\xampp\htdocs\flex2\site\plugins\admin\views\templates\system\settings\list.php at line 100
[10-May-2019 08:47:39] RuntimeException: Flextype\Component\View\View::__construct(): The 'C:/xampp/htdocs/flex2/site/plugins/templates/default' view does not exist. in C:\xampp\htdocs\flex2\vendor\flextype-components\view\View.php at line 74
[10-May-2019 08:48:09] RuntimeException: Flextype\Component\View\View::__construct(): The 'C:/xampp/htdocs/flex2/site/plugins/templates/default' view does not exist. in C:\xampp\htdocs\flex2\vendor\flextype-components\view\View.php at line 74
[10-May-2019 08:48:12] RuntimeException: Flextype\Component\View\View::__construct(): The 'C:/xampp/htdocs/flex2/site/plugins/templates/default' view does not exist. in C:\xampp\htdocs\flex2\vendor\flextype-components\view\View.php at line 74
[10-May-2019 08:48:18] RuntimeException: Flextype\Component\View\View::__construct(): The 'C:/xampp/htdocs/flex2/site/plugins/templates/default' view does not exist. in C:\xampp\htdocs\flex2\vendor\flextype-components\view\View.php at line 74
[10-May-2019 08:48:20] RuntimeException: Flextype\Component\View\View::__construct(): The 'C:/xampp/htdocs/flex2/site/plugins/templates/default' view does not exist. in C:\xampp\htdocs\flex2\vendor\flextype-components\view\View.php at line 74
[10-May-2019 08:48:21] RuntimeException: Flextype\Component\View\View::__construct(): The 'C:/xampp/htdocs/flex2/site/plugins/templates/default' view does not exist. in C:\xampp\htdocs\flex2\vendor\flextype-components\view\View.php at line 74
[10-May-2019 08:48:26] RuntimeException: Flextype\Component\View\View::__construct(): The 'C:/xampp/htdocs/flex2/site/plugins/templates/default' view does not exist. in C:\xampp\htdocs\flex2\vendor\flextype-components\view\View.php at line 74
[10-May-2019 08:48:37] RuntimeException: Flextype\Component\View\View::__construct(): The 'C:/xampp/htdocs/flex2/site/plugins/templates/default' view does not exist. in C:\xampp\htdocs\flex2\vendor\flextype-components\view\View.php at line 74
[10-May-2019 08:48:39] RuntimeException: Flextype\Component\View\View::__construct(): The 'C:/xampp/htdocs/flex2/site/plugins/templates/default' view does not exist. in C:\xampp\htdocs\flex2\vendor\flextype-components\view\View.php at line 74
[10-May-2019 08:48:46] RuntimeException: Flextype\Component\View\View::__construct(): The 'C:/xampp/htdocs/flex2/site/plugins/templates/default' view does not exist. in C:\xampp\htdocs\flex2\vendor\flextype-components\view\View.php at line 74
[10-May-2019 08:48:47] RuntimeException: Flextype\Component\View\View::__construct(): The 'C:/xampp/htdocs/flex2/site/plugins/templates/default' view does not exist. in C:\xampp\htdocs\flex2\vendor\flextype-components\view\View.php at line 74
[10-May-2019 08:48:47] RuntimeException: Flextype\Component\View\View::__construct(): The 'C:/xampp/htdocs/flex2/site/plugins/templates/default' view does not exist. in C:\xampp\htdocs\flex2\vendor\flextype-components\view\View.php at line 74
[10-May-2019 08:50:29] RuntimeException: Flextype\Component\View\View::__construct(): The 'C:/xampp/htdocs/flex2/site/plugins/templates/default' view does not exist. in C:\xampp\htdocs\flex2\vendor\flextype-components\view\View.php at line 74
[10-May-2019 08:51:15] RuntimeException: Flextype\Component\View\View::__construct(): The 'C:/xampp/htdocs/flex2/site/plugins/templates/default' view does not exist. in C:\xampp\htdocs\flex2\vendor\flextype-components\view\View.php at line 74
[10-May-2019 08:51:42] RuntimeException: Flextype\Component\View\View::__construct(): The 'C:/xampp/htdocs/flex2/site/plugins/templates/default' view does not exist. in C:\xampp\htdocs\flex2\vendor\flextype-components\view\View.php at line 74
[10-May-2019 08:51:44] RuntimeException: Flextype\Component\View\View::__construct(): The 'C:/xampp/htdocs/flex2/site/plugins/templates/default' view does not exist. in C:\xampp\htdocs\flex2\vendor\flextype-components\view\View.php at line 74
[10-May-2019 08:52:00] RuntimeException: Flextype\Component\View\View::__construct(): The 'C:/xampp/htdocs/flex2/site/plugins/templates/default' view does not exist. in C:\xampp\htdocs\flex2\vendor\flextype-components\view\View.php at line 74
[10-May-2019 08:52:01] RuntimeException: Flextype\Component\View\View::__construct(): The 'C:/xampp/htdocs/flex2/site/plugins/templates/default' view does not exist. in C:\xampp\htdocs\flex2\vendor\flextype-components\view\View.php at line 74
[10-May-2019 08:52:01] RuntimeException: Flextype\Component\View\View::__construct(): The 'C:/xampp/htdocs/flex2/site/plugins/templates/default' view does not exist. in C:\xampp\htdocs\flex2\vendor\flextype-components\view\View.php at line 74
[10-May-2019 08:52:51] RuntimeException: Flextype\Component\View\View::__construct(): The 'C:/xampp/htdocs/flex2/site/plugins/templates/default' view does not exist. in C:\xampp\htdocs\flex2\vendor\flextype-components\view\View.php at line 74
[10-May-2019 08:52:53] RuntimeException: Flextype\Component\View\View::__construct(): The 'C:/xampp/htdocs/flex2/site/plugins/templates/default' view does not exist. in C:\xampp\htdocs\flex2\vendor\flextype-components\view\View.php at line 74
[10-May-2019 08:52:53] RuntimeException: Flextype\Component\View\View::__construct(): The 'C:/xampp/htdocs/flex2/site/plugins/templates/default' view does not exist. in C:\xampp\htdocs\flex2\vendor\flextype-components\view\View.php at line 74
[10-May-2019 08:53:10] RuntimeException: Flextype\Component\View\View::__construct(): The 'C:/xampp/htdocs/flex2/site/plugins/templates/default' view does not exist. in C:\xampp\htdocs\flex2\vendor\flextype-components\view\View.php at line 74
[10-May-2019 08:53:23] RuntimeException: Flextype\Component\View\View::__construct(): The 'C:/xampp/htdocs/flex2/site/plugins/templates/default' view does not exist. in C:\xampp\htdocs\flex2\vendor\flextype-components\view\View.php at line 74
[10-May-2019 08:53:25] RuntimeException: Flextype\Component\View\View::__construct(): The 'C:/xampp/htdocs/flex2/site/plugins/templates/default' view does not exist. in C:\xampp\htdocs\flex2\vendor\flextype-components\view\View.php at line 74
[10-May-2019 08:53:25] RuntimeException: Flextype\Component\View\View::__construct(): The 'C:/xampp/htdocs/flex2/site/plugins/templates/default' view does not exist. in C:\xampp\htdocs\flex2\vendor\flextype-components\view\View.php at line 74
[10-May-2019 08:54:16] RuntimeException: Flextype\Component\View\View::__construct(): The 'C:/xampp/htdocs/flex2/site/plugins/templates/default' view does not exist. in C:\xampp\htdocs\flex2\vendor\flextype-components\view\View.php at line 74
[10-May-2019 08:54:19] RuntimeException: Flextype\Component\View\View::__construct(): The 'C:/xampp/htdocs/flex2/site/plugins/templates/default' view does not exist. in C:\xampp\htdocs\flex2\vendor\flextype-components\view\View.php at line 74
[10-May-2019 08:54:20] RuntimeException: Flextype\Component\View\View::__construct(): The 'C:/xampp/htdocs/flex2/site/plugins/templates/default' view does not exist. in C:\xampp\htdocs\flex2\vendor\flextype-components\view\View.php at line 74
[10-May-2019 08:55:36] RuntimeException: Flextype\Component\View\View::__construct(): The 'C:/xampp/htdocs/flex2/site/plugins/templates/default' view does not exist. in C:\xampp\htdocs\flex2\vendor\flextype-components\view\View.php at line 74
[10-May-2019 08:55:39] RuntimeException: Flextype\Component\View\View::__construct(): The 'C:/xampp/htdocs/flex2/site/plugins/templates/default' view does not exist. in C:\xampp\htdocs\flex2\vendor\flextype-components\view\View.php at line 74
[10-May-2019 08:55:39] RuntimeException: Flextype\Component\View\View::__construct(): The 'C:/xampp/htdocs/flex2/site/plugins/templates/default' view does not exist. in C:\xampp\htdocs\flex2\vendor\flextype-components\view\View.php at line 74
[10-May-2019 08:57:48] RuntimeException: Flextype\Component\View\View::__construct(): The 'C:/xampp/htdocs/flex2/site/plugins/templates/default' view does not exist. in C:\xampp\htdocs\flex2\vendor\flextype-components\view\View.php at line 74
[10-May-2019 08:57:50] RuntimeException: Flextype\Component\View\View::__construct(): The 'C:/xampp/htdocs/flex2/site/plugins/templates/default' view does not exist. in C:\xampp\htdocs\flex2\vendor\flextype-components\view\View.php at line 74
[10-May-2019 08:57:50] RuntimeException: Flextype\Component\View\View::__construct(): The 'C:/xampp/htdocs/flex2/site/plugins/templates/default' view does not exist. in C:\xampp\htdocs\flex2\vendor\flextype-components\view\View.php at line 74
[10-May-2019 08:58:00] RuntimeException: Flextype\Component\View\View::__construct(): The 'C:/xampp/htdocs/flex2/site/plugins/templates/default' view does not exist. in C:\xampp\htdocs\flex2\vendor\flextype-components\view\View.php at line 74
[10-May-2019 08:58:00] RuntimeException: Flextype\Component\View\View::__construct(): The 'C:/xampp/htdocs/flex2/site/plugins/templates/default' view does not exist. in C:\xampp\htdocs\flex2\vendor\flextype-components\view\View.php at line 74
[10-May-2019 08:58:30] RuntimeException: Flextype\Component\View\View::__construct(): The 'C:/xampp/htdocs/flex2/site/plugins/templates/default' view does not exist. in C:\xampp\htdocs\flex2\vendor\flextype-components\view\View.php at line 74
[10-May-2019 08:58:31] RuntimeException: Flextype\Component\View\View::__construct(): The 'C:/xampp/htdocs/flex2/site/plugins/templates/default' view does not exist. in C:\xampp\htdocs\flex2\vendor\flextype-components\view\View.php at line 74
[10-May-2019 08:58:39] RuntimeException: Flextype\Component\View\View::__construct(): The 'C:/xampp/htdocs/flex2/site/plugins/templates/default' view does not exist. in C:\xampp\htdocs\flex2\vendor\flextype-components\view\View.php at line 74
[10-May-2019 08:58:52] RuntimeException: Flextype\Component\View\View::__construct(): The 'C:/xampp/htdocs/flex2/site/plugins/templates/default' view does not exist. in C:\xampp\htdocs\flex2\vendor\flextype-components\view\View.php at line 74
[10-May-2019 09:00:07] RuntimeException: Flextype\Component\View\View::__construct(): The 'C:/xampp/htdocs/flex2/site/plugins/templates/default' view does not exist. in C:\xampp\htdocs\flex2\vendor\flextype-components\view\View.php at line 74
[10-May-2019 09:05:25] ErrorException: Notice: Undefined index: image in C:\xampp\htdocs\flex2\site\themes\default\views\partials\blogs\default.php at line 18
[10-May-2019 09:05:25] RuntimeException: Flextype\Component\View\View::__construct(): The 'C:/xampp/htdocs/flex2/site/plugins/templates/default' view does not exist. in C:\xampp\htdocs\flex2\vendor\flextype-components\view\View.php at line 74
[10-May-2019 09:05:36] RuntimeException: Flextype\Component\View\View::__construct(): The 'C:/xampp/htdocs/flex2/site/plugins/templates/default' view does not exist. in C:\xampp\htdocs\flex2\vendor\flextype-components\view\View.php at line 74
[10-May-2019 09:06:42] RuntimeException: Flextype\Component\View\View::__construct(): The 'C:/xampp/htdocs/flex2/site/plugins/templates/default' view does not exist. in C:\xampp\htdocs\flex2\vendor\flextype-components\view\View.php at line 74
[10-May-2019 09:06:44] ErrorException: Notice: Undefined index: img in C:\xampp\htdocs\flex2\site\themes\default\views\partials\blogs\default.php at line 18
[10-May-2019 09:06:45] RuntimeException: Flextype\Component\View\View::__construct(): The 'C:/xampp/htdocs/flex2/site/plugins/templates/default' view does not exist. in C:\xampp\htdocs\flex2\vendor\flextype-components\view\View.php at line 74
[10-May-2019 09:06:45] ErrorException: Notice: Undefined index: img in C:\xampp\htdocs\flex2\site\themes\default\views\partials\blogs\default.php at line 18
[10-May-2019 09:06:45] RuntimeException: Flextype\Component\View\View::__construct(): The 'C:/xampp/htdocs/flex2/site/plugins/templates/default' view does not exist. in C:\xampp\htdocs\flex2\vendor\flextype-components\view\View.php at line 74
[10-May-2019 09:06:46] ErrorException: Notice: Undefined index: img in C:\xampp\htdocs\flex2\site\themes\default\views\partials\blogs\default.php at line 18
[10-May-2019 09:06:46] RuntimeException: Flextype\Component\View\View::__construct(): The 'C:/xampp/htdocs/flex2/site/plugins/templates/default' view does not exist. in C:\xampp\htdocs\flex2\vendor\flextype-components\view\View.php at line 74
[10-May-2019 09:07:05] RuntimeException: Flextype\Component\View\View::__construct(): The 'C:/xampp/htdocs/flex2/site/plugins/templates/default' view does not exist. in C:\xampp\htdocs\flex2\vendor\flextype-components\view\View.php at line 74
[10-May-2019 09:07:09] RuntimeException: Flextype\Component\View\View::__construct(): The 'C:/xampp/htdocs/flex2/site/plugins/templates/default' view does not exist. in C:\xampp\htdocs\flex2\vendor\flextype-components\view\View.php at line 74
[10-May-2019 09:07:09] RuntimeException: Flextype\Component\View\View::__construct(): The 'C:/xampp/htdocs/flex2/site/plugins/templates/default' view does not exist. in C:\xampp\htdocs\flex2\vendor\flextype-components\view\View.php at line 74
[10-May-2019 09:07:11] RuntimeException: Flextype\Component\View\View::__construct(): The 'C:/xampp/htdocs/flex2/site/plugins/templates/default' view does not exist. in C:\xampp\htdocs\flex2\vendor\flextype-components\view\View.php at line 74
[10-May-2019 09:07:11] RuntimeException: Flextype\Component\View\View::__construct(): The 'C:/xampp/htdocs/flex2/site/plugins/templates/default' view does not exist. in C:\xampp\htdocs\flex2\vendor\flextype-components\view\View.php at line 74
[10-May-2019 09:08:10] RuntimeException: Flextype\Component\View\View::__construct(): The 'C:/xampp/htdocs/flex2/site/plugins/templates/default' view does not exist. in C:\xampp\htdocs\flex2\vendor\flextype-components\view\View.php at line 74
[10-May-2019 09:08:10] RuntimeException: Flextype\Component\View\View::__construct(): The 'C:/xampp/htdocs/flex2/site/plugins/templates/default' view does not exist. in C:\xampp\htdocs\flex2\vendor\flextype-components\view\View.php at line 74
[10-May-2019 09:08:59] RuntimeException: Flextype\Component\View\View::__construct(): The 'C:/xampp/htdocs/flex2/site/plugins/templates/default' view does not exist. in C:\xampp\htdocs\flex2\vendor\flextype-components\view\View.php at line 74
[10-May-2019 09:09:01] RuntimeException: Flextype\Component\View\View::__construct(): The 'C:/xampp/htdocs/flex2/site/plugins/templates/default' view does not exist. in C:\xampp\htdocs\flex2\vendor\flextype-components\view\View.php at line 74
[10-May-2019 09:13:07] RuntimeException: Flextype\Component\View\View::__construct(): The 'C:/xampp/htdocs/flex2/site/plugins/templates/default' view does not exist. in C:\xampp\htdocs\flex2\vendor\flextype-components\view\View.php at line 74
[10-May-2019 09:13:08] RuntimeException: Flextype\Component\View\View::__construct(): The 'C:/xampp/htdocs/flex2/site/plugins/templates/default' view does not exist. in C:\xampp\htdocs\flex2\vendor\flextype-components\view\View.php at line 74
[10-May-2019 09:13:09] RuntimeException: Flextype\Component\View\View::__construct(): The 'C:/xampp/htdocs/flex2/site/plugins/templates/default' view does not exist. in C:\xampp\htdocs\flex2\vendor\flextype-components\view\View.php at line 74
[10-May-2019 09:13:20] RuntimeException: Flextype\Component\View\View::__construct(): The 'C:/xampp/htdocs/flex2/site/plugins/templates/default' view does not exist. in C:\xampp\htdocs\flex2\vendor\flextype-components\view\View.php at line 74
[10-May-2019 09:13:51] RuntimeException: Flextype\Component\View\View::__construct(): The 'C:/xampp/htdocs/flex2/site/plugins/templates/default' view does not exist. in C:\xampp\htdocs\flex2\vendor\flextype-components\view\View.php at line 74
[10-May-2019 09:14:12] RuntimeException: Flextype\Component\View\View::__construct(): The 'C:/xampp/htdocs/flex2/site/plugins/templates/default' view does not exist. in C:\xampp\htdocs\flex2\vendor\flextype-components\view\View.php at line 74
[10-May-2019 09:14:59] RuntimeException: Flextype\Component\View\View::__construct(): The 'C:/xampp/htdocs/flex2/site/plugins/templates/default' view does not exist. in C:\xampp\htdocs\flex2\vendor\flextype-components\view\View.php at line 74
[10-May-2019 09:15:01] RuntimeException: Flextype\Component\View\View::__construct(): The 'C:/xampp/htdocs/flex2/site/plugins/templates/default' view does not exist. in C:\xampp\htdocs\flex2\vendor\flextype-components\view\View.php at line 74
[10-May-2019 09:15:03] RuntimeException: Flextype\Component\View\View::__construct(): The 'C:/xampp/htdocs/flex2/site/plugins/templates/default' view does not exist. in C:\xampp\htdocs\flex2\vendor\flextype-components\view\View.php at line 74
[10-May-2019 09:15:03] RuntimeException: Flextype\Component\View\View::__construct(): The 'C:/xampp/htdocs/flex2/site/plugins/templates/default' view does not exist. in C:\xampp\htdocs\flex2\vendor\flextype-components\view\View.php at line 74
[10-May-2019 09:19:55] RuntimeException: Flextype\Component\View\View::__construct(): The 'C:/xampp/htdocs/flex2/site/plugins/templates/default' view does not exist. in C:\xampp\htdocs\flex2\vendor\flextype-components\view\View.php at line 74
[10-May-2019 09:19:55] RuntimeException: Flextype\Component\View\View::__construct(): The 'C:/xampp/htdocs/flex2/site/plugins/templates/default' view does not exist. in C:\xampp\htdocs\flex2\vendor\flextype-components\view\View.php at line 74
[10-May-2019 09:20:05] RuntimeException: Flextype\Component\View\View::__construct(): The 'C:/xampp/htdocs/flex2/site/plugins/templates/default' view does not exist. in C:\xampp\htdocs\flex2\vendor\flextype-components\view\View.php at line 74
[10-May-2019 09:20:07] RuntimeException: Flextype\Component\View\View::__construct(): The 'C:/xampp/htdocs/flex2/site/plugins/templates/default' view does not exist. in C:\xampp\htdocs\flex2\vendor\flextype-components\view\View.php at line 74
[10-May-2019 09:20:07] RuntimeException: Flextype\Component\View\View::__construct(): The 'C:/xampp/htdocs/flex2/site/plugins/templates/default' view does not exist. in C:\xampp\htdocs\flex2\vendor\flextype-components\view\View.php at line 74
[10-May-2019 09:21:26] RuntimeException: Flextype\Component\View\View::__construct(): The 'C:/xampp/htdocs/flex2/site/plugins/templates/default' view does not exist. in C:\xampp\htdocs\flex2\vendor\flextype-components\view\View.php at line 74
[10-May-2019 09:21:29] RuntimeException: Flextype\Component\View\View::__construct(): The 'C:/xampp/htdocs/flex2/site/plugins/templates/default' view does not exist. in C:\xampp\htdocs\flex2\vendor\flextype-components\view\View.php at line 74
[10-May-2019 09:21:32] RuntimeException: Flextype\Component\View\View::__construct(): The 'C:/xampp/htdocs/flex2/site/plugins/templates/default' view does not exist. in C:\xampp\htdocs\flex2\vendor\flextype-components\view\View.php at line 74
[10-May-2019 09:21:32] RuntimeException: Flextype\Component\View\View::__construct(): The 'C:/xampp/htdocs/flex2/site/plugins/templates/default' view does not exist. in C:\xampp\htdocs\flex2\vendor\flextype-components\view\View.php at line 74
[10-May-2019 09:21:36] RuntimeException: Flextype\Component\View\View::__construct(): The 'C:/xampp/htdocs/flex2/site/plugins/templates/default' view does not exist. in C:\xampp\htdocs\flex2\vendor\flextype-components\view\View.php at line 74
[10-May-2019 09:21:37] RuntimeException: Flextype\Component\View\View::__construct(): The 'C:/xampp/htdocs/flex2/site/plugins/templates/default' view does not exist. in C:\xampp\htdocs\flex2\vendor\flextype-components\view\View.php at line 74
[10-May-2019 09:22:17] RuntimeException: Flextype\Component\View\View::__construct(): The 'C:/xampp/htdocs/flex2/site/plugins/templates/default' view does not exist. in C:\xampp\htdocs\flex2\vendor\flextype-components\view\View.php at line 74
[10-May-2019 09:22:27] RuntimeException: Flextype\Component\View\View::__construct(): The 'C:/xampp/htdocs/flex2/site/plugins/templates/default' view does not exist. in C:\xampp\htdocs\flex2\vendor\flextype-components\view\View.php at line 74
[10-May-2019 09:23:58] RuntimeException: Flextype\Component\View\View::__construct(): The 'C:/xampp/htdocs/flex2/site/plugins/templates/default' view does not exist. in C:\xampp\htdocs\flex2\vendor\flextype-components\view\View.php at line 74
[10-May-2019 09:23:58] RuntimeException: Flextype\Component\View\View::__construct(): The 'C:/xampp/htdocs/flex2/site/plugins/templates/default' view does not exist. in C:\xampp\htdocs\flex2\vendor\flextype-components\view\View.php at line 74
[10-May-2019 09:24:47] RuntimeException: Flextype\Component\View\View::__construct(): The 'C:/xampp/htdocs/flex2/site/plugins/templates/default' view does not exist. in C:\xampp\htdocs\flex2\vendor\flextype-components\view\View.php at line 74
[10-May-2019 09:24:48] RuntimeException: Flextype\Component\View\View::__construct(): The 'C:/xampp/htdocs/flex2/site/plugins/templates/default' view does not exist. in C:\xampp\htdocs\flex2\vendor\flextype-components\view\View.php at line 74
[10-May-2019 09:24:58] RuntimeException: Flextype\Component\View\View::__construct(): The 'C:/xampp/htdocs/flex2/site/plugins/templates/default' view does not exist. in C:\xampp\htdocs\flex2\vendor\flextype-components\view\View.php at line 74
[10-May-2019 09:24:58] RuntimeException: Flextype\Component\View\View::__construct(): The 'C:/xampp/htdocs/flex2/site/plugins/templates/default' view does not exist. in C:\xampp\htdocs\flex2\vendor\flextype-components\view\View.php at line 74
[10-May-2019 09:25:52] RuntimeException: Flextype\Component\View\View::__construct(): The 'C:/xampp/htdocs/flex2/site/plugins/templates/default' view does not exist. in C:\xampp\htdocs\flex2\vendor\flextype-components\view\View.php at line 74
[10-May-2019 09:25:52] RuntimeException: Flextype\Component\View\View::__construct(): The 'C:/xampp/htdocs/flex2/site/plugins/templates/default' view does not exist. in C:\xampp\htdocs\flex2\vendor\flextype-components\view\View.php at line 74
[10-May-2019 09:26:30] RuntimeException: Flextype\Component\View\View::__construct(): The 'C:/xampp/htdocs/flex2/site/plugins/templates/default' view does not exist. in C:\xampp\htdocs\flex2\vendor\flextype-components\view\View.php at line 74
[10-May-2019 09:26:31] RuntimeException: Flextype\Component\View\View::__construct(): The 'C:/xampp/htdocs/flex2/site/plugins/templates/default' view does not exist. in C:\xampp\htdocs\flex2\vendor\flextype-components\view\View.php at line 74
[10-May-2019 09:26:52] RuntimeException: Flextype\Component\View\View::__construct(): The 'C:/xampp/htdocs/flex2/site/plugins/templates/default' view does not exist. in C:\xampp\htdocs\flex2\vendor\flextype-components\view\View.php at line 74
[10-May-2019 09:26:57] RuntimeException: Flextype\Component\View\View::__construct(): The 'C:/xampp/htdocs/flex2/site/plugins/templates/default' view does not exist. in C:\xampp\htdocs\flex2\vendor\flextype-components\view\View.php at line 74
[10-May-2019 09:26:58] RuntimeException: Flextype\Component\View\View::__construct(): The 'C:/xampp/htdocs/flex2/site/plugins/templates/default' view does not exist. in C:\xampp\htdocs\flex2\vendor\flextype-components\view\View.php at line 74
[10-May-2019 09:27:01] RuntimeException: Flextype\Component\View\View::__construct(): The 'C:/xampp/htdocs/flex2/site/plugins/templates/default' view does not exist. in C:\xampp\htdocs\flex2\vendor\flextype-components\view\View.php at line 74
[10-May-2019 09:27:48] RuntimeException: Flextype\Component\View\View::__construct(): The 'C:/xampp/htdocs/flex2/site/plugins/templates/default' view does not exist. in C:\xampp\htdocs\flex2\vendor\flextype-components\view\View.php at line 74
[10-May-2019 09:27:50] RuntimeException: Flextype\Component\View\View::__construct(): The 'C:/xampp/htdocs/flex2/site/plugins/templates/default' view does not exist. in C:\xampp\htdocs\flex2\vendor\flextype-components\view\View.php at line 74
[10-May-2019 09:27:50] RuntimeException: Flextype\Component\View\View::__construct(): The 'C:/xampp/htdocs/flex2/site/plugins/templates/default' view does not exist. in C:\xampp\htdocs\flex2\vendor\flextype-components\view\View.php at line 74
[10-May-2019 09:27:55] RuntimeException: Flextype\Component\View\View::__construct(): The 'C:/xampp/htdocs/flex2/site/plugins/templates/default' view does not exist. in C:\xampp\htdocs\flex2\vendor\flextype-components\view\View.php at line 74
[10-May-2019 09:27:57] RuntimeException: Flextype\Component\View\View::__construct(): The 'C:/xampp/htdocs/flex2/site/plugins/templates/default' view does not exist. in C:\xampp\htdocs\flex2\vendor\flextype-components\view\View.php at line 74
[10-May-2019 09:28:02] RuntimeException: Flextype\Component\View\View::__construct(): The 'C:/xampp/htdocs/flex2/site/plugins/templates/default' view does not exist. in C:\xampp\htdocs\flex2\vendor\flextype-components\view\View.php at line 74
[10-May-2019 09:28:04] RuntimeException: Flextype\Component\View\View::__construct(): The 'C:/xampp/htdocs/flex2/site/plugins/templates/default' view does not exist. in C:\xampp\htdocs\flex2\vendor\flextype-components\view\View.php at line 74
[10-May-2019 09:28:04] RuntimeException: Flextype\Component\View\View::__construct(): The 'C:/xampp/htdocs/flex2/site/plugins/templates/default' view does not exist. in C:\xampp\htdocs\flex2\vendor\flextype-components\view\View.php at line 74
[10-May-2019 09:29:09] ErrorException: Notice: Undefined index: img in C:\xampp\htdocs\flex2\site\themes\default\views\partials\gallerys\default.php at line 21
[10-May-2019 09:29:09] RuntimeException: Flextype\Component\View\View::__construct(): The 'C:/xampp/htdocs/flex2/site/plugins/templates/default' view does not exist. in C:\xampp\htdocs\flex2\vendor\flextype-components\view\View.php at line 74
[10-May-2019 09:29:13] RuntimeException: Flextype\Component\View\View::__construct(): The 'C:/xampp/htdocs/flex2/site/plugins/templates/default' view does not exist. in C:\xampp\htdocs\flex2\vendor\flextype-components\view\View.php at line 74
[10-May-2019 09:29:14] RuntimeException: Flextype\Component\View\View::__construct(): The 'C:/xampp/htdocs/flex2/site/plugins/templates/default' view does not exist. in C:\xampp\htdocs\flex2\vendor\flextype-components\view\View.php at line 74
[10-May-2019 09:29:15] RuntimeException: Flextype\Component\View\View::__construct(): The 'C:/xampp/htdocs/flex2/site/plugins/templates/default' view does not exist. in C:\xampp\htdocs\flex2\vendor\flextype-components\view\View.php at line 74
[10-May-2019 09:29:17] RuntimeException: Flextype\Component\View\View::__construct(): The 'C:/xampp/htdocs/flex2/site/plugins/templates/default' view does not exist. in C:\xampp\htdocs\flex2\vendor\flextype-components\view\View.php at line 74
[10-May-2019 09:29:21] ErrorException: Notice: Undefined index: img in C:\xampp\htdocs\flex2\site\themes\default\views\partials\gallerys\default.php at line 21
[10-May-2019 09:29:21] RuntimeException: Flextype\Component\View\View::__construct(): The 'C:/xampp/htdocs/flex2/site/plugins/templates/default' view does not exist. in C:\xampp\htdocs\flex2\vendor\flextype-components\view\View.php at line 74
[10-May-2019 09:29:22] ErrorException: Notice: Undefined index: img in C:\xampp\htdocs\flex2\site\themes\default\views\partials\gallerys\default.php at line 21
[10-May-2019 09:29:22] RuntimeException: Flextype\Component\View\View::__construct(): The 'C:/xampp/htdocs/flex2/site/plugins/templates/default' view does not exist. in C:\xampp\htdocs\flex2\vendor\flextype-components\view\View.php at line 74
[10-May-2019 09:29:22] ErrorException: Notice: Undefined index: img in C:\xampp\htdocs\flex2\site\themes\default\views\partials\gallerys\default.php at line 21
[10-May-2019 09:29:22] RuntimeException: Flextype\Component\View\View::__construct(): The 'C:/xampp/htdocs/flex2/site/plugins/templates/default' view does not exist. in C:\xampp\htdocs\flex2\vendor\flextype-components\view\View.php at line 74
[10-May-2019 09:29:22] ErrorException: Notice: Undefined index: img in C:\xampp\htdocs\flex2\site\themes\default\views\partials\gallerys\default.php at line 21
[10-May-2019 09:29:22] RuntimeException: Flextype\Component\View\View::__construct(): The 'C:/xampp/htdocs/flex2/site/plugins/templates/default' view does not exist. in C:\xampp\htdocs\flex2\vendor\flextype-components\view\View.php at line 74
[10-May-2019 09:29:22] ErrorException: Notice: Undefined index: img in C:\xampp\htdocs\flex2\site\themes\default\views\partials\gallerys\default.php at line 21
[10-May-2019 09:29:22] RuntimeException: Flextype\Component\View\View::__construct(): The 'C:/xampp/htdocs/flex2/site/plugins/templates/default' view does not exist. in C:\xampp\htdocs\flex2\vendor\flextype-components\view\View.php at line 74
[10-May-2019 09:29:23] ErrorException: Notice: Undefined index: img in C:\xampp\htdocs\flex2\site\themes\default\views\partials\gallerys\default.php at line 21
[10-May-2019 09:29:23] RuntimeException: Flextype\Component\View\View::__construct(): The 'C:/xampp/htdocs/flex2/site/plugins/templates/default' view does not exist. in C:\xampp\htdocs\flex2\vendor\flextype-components\view\View.php at line 74
[10-May-2019 09:29:23] ErrorException: Notice: Undefined index: img in C:\xampp\htdocs\flex2\site\themes\default\views\partials\gallerys\default.php at line 21
[10-May-2019 09:29:23] RuntimeException: Flextype\Component\View\View::__construct(): The 'C:/xampp/htdocs/flex2/site/plugins/templates/default' view does not exist. in C:\xampp\htdocs\flex2\vendor\flextype-components\view\View.php at line 74
[10-May-2019 09:29:23] ErrorException: Notice: Undefined index: img in C:\xampp\htdocs\flex2\site\themes\default\views\partials\gallerys\default.php at line 21
[10-May-2019 09:29:23] RuntimeException: Flextype\Component\View\View::__construct(): The 'C:/xampp/htdocs/flex2/site/plugins/templates/default' view does not exist. in C:\xampp\htdocs\flex2\vendor\flextype-components\view\View.php at line 74
[10-May-2019 09:29:23] ErrorException: Notice: Undefined index: img in C:\xampp\htdocs\flex2\site\themes\default\views\partials\gallerys\default.php at line 21
[10-May-2019 09:29:23] RuntimeException: Flextype\Component\View\View::__construct(): The 'C:/xampp/htdocs/flex2/site/plugins/templates/default' view does not exist. in C:\xampp\htdocs\flex2\vendor\flextype-components\view\View.php at line 74
[10-May-2019 09:29:23] ErrorException: Notice: Undefined index: img in C:\xampp\htdocs\flex2\site\themes\default\views\partials\gallerys\default.php at line 21
[10-May-2019 09:29:23] RuntimeException: Flextype\Component\View\View::__construct(): The 'C:/xampp/htdocs/flex2/site/plugins/templates/default' view does not exist. in C:\xampp\htdocs\flex2\vendor\flextype-components\view\View.php at line 74
[10-May-2019 09:29:24] ErrorException: Notice: Undefined index: img in C:\xampp\htdocs\flex2\site\themes\default\views\partials\gallerys\default.php at line 21
[10-May-2019 09:29:24] RuntimeException: Flextype\Component\View\View::__construct(): The 'C:/xampp/htdocs/flex2/site/plugins/templates/default' view does not exist. in C:\xampp\htdocs\flex2\vendor\flextype-components\view\View.php at line 74
[10-May-2019 09:29:24] ErrorException: Notice: Undefined index: img in C:\xampp\htdocs\flex2\site\themes\default\views\partials\gallerys\default.php at line 21
[10-May-2019 09:29:24] RuntimeException: Flextype\Component\View\View::__construct(): The 'C:/xampp/htdocs/flex2/site/plugins/templates/default' view does not exist. in C:\xampp\htdocs\flex2\vendor\flextype-components\view\View.php at line 74
[10-May-2019 09:29:24] ErrorException: Notice: Undefined index: img in C:\xampp\htdocs\flex2\site\themes\default\views\partials\gallerys\default.php at line 21
[10-May-2019 09:29:24] RuntimeException: Flextype\Component\View\View::__construct(): The 'C:/xampp/htdocs/flex2/site/plugins/templates/default' view does not exist. in C:\xampp\htdocs\flex2\vendor\flextype-components\view\View.php at line 74
[10-May-2019 09:29:37] ErrorException: Notice: Undefined index: img in C:\xampp\htdocs\flex2\site\themes\default\views\partials\gallerys\default.php at line 21
[10-May-2019 09:29:37] RuntimeException: Flextype\Component\View\View::__construct(): The 'C:/xampp/htdocs/flex2/site/plugins/templates/default' view does not exist. in C:\xampp\htdocs\flex2\vendor\flextype-components\view\View.php at line 74
[10-May-2019 09:29:37] RuntimeException: Flextype\Component\View\View::__construct(): The 'C:/xampp/htdocs/flex2/site/plugins/templates/default' view does not exist. in C:\xampp\htdocs\flex2\vendor\flextype-components\view\View.php at line 74
[10-May-2019 09:30:26] RuntimeException: Flextype\Component\View\View::__construct(): The 'C:/xampp/htdocs/flex2/site/plugins/templates/default' view does not exist. in C:\xampp\htdocs\flex2\vendor\flextype-components\view\View.php at line 74
[10-May-2019 09:30:33] RuntimeException: Flextype\Component\View\View::__construct(): The 'C:/xampp/htdocs/flex2/site/plugins/templates/default' view does not exist. in C:\xampp\htdocs\flex2\vendor\flextype-components\view\View.php at line 74
[10-May-2019 09:30:33] RuntimeException: Flextype\Component\View\View::__construct(): The 'C:/xampp/htdocs/flex2/site/plugins/templates/default' view does not exist. in C:\xampp\htdocs\flex2\vendor\flextype-components\view\View.php at line 74
[10-May-2019 09:32:21] TypeError: Argument 1 passed to Flextype\Entries::processShortcodes() must be of the type string, array given, called in C:\xampp\htdocs\flex2\flextype\Entries.php on line 376 in C:\xampp\htdocs\flex2\flextype\Entries.php at line 426
[10-May-2019 09:32:21] RuntimeException: Flextype\Component\View\View::__construct(): The 'C:/xampp/htdocs/flex2/site/plugins/templates/default' view does not exist. in C:\xampp\htdocs\flex2\vendor\flextype-components\view\View.php at line 74
[10-May-2019 09:32:42] RuntimeException: Flextype\Component\View\View::__construct(): The 'C:/xampp/htdocs/flex2/site/plugins/templates/default' view does not exist. in C:\xampp\htdocs\flex2\vendor\flextype-components\view\View.php at line 74
[10-May-2019 09:32:42] RuntimeException: Flextype\Component\View\View::__construct(): The 'C:/xampp/htdocs/flex2/site/plugins/templates/default' view does not exist. in C:\xampp\htdocs\flex2\vendor\flextype-components\view\View.php at line 74
[10-May-2019 09:32:45] TypeError: Argument 1 passed to Flextype\Entries::processShortcodes() must be of the type string, array given, called in C:\xampp\htdocs\flex2\flextype\Entries.php on line 376 in C:\xampp\htdocs\flex2\flextype\Entries.php at line 426
[10-May-2019 09:32:45] RuntimeException: Flextype\Component\View\View::__construct(): The 'C:/xampp/htdocs/flex2/site/plugins/templates/default' view does not exist. in C:\xampp\htdocs\flex2\vendor\flextype-components\view\View.php at line 74
[10-May-2019 09:32:48] RuntimeException: Flextype\Component\View\View::__construct(): The 'C:/xampp/htdocs/flex2/site/plugins/templates/default' view does not exist. in C:\xampp\htdocs\flex2\vendor\flextype-components\view\View.php at line 74
[10-May-2019 09:32:49] RuntimeException: Flextype\Component\View\View::__construct(): The 'C:/xampp/htdocs/flex2/site/plugins/templates/default' view does not exist. in C:\xampp\htdocs\flex2\vendor\flextype-components\view\View.php at line 74
[10-May-2019 09:32:50] RuntimeException: Flextype\Component\View\View::__construct(): The 'C:/xampp/htdocs/flex2/site/plugins/templates/default' view does not exist. in C:\xampp\htdocs\flex2\vendor\flextype-components\view\View.php at line 74
[10-May-2019 09:32:52] RuntimeException: Flextype\Component\View\View::__construct(): The 'C:/xampp/htdocs/flex2/site/plugins/templates/default' view does not exist. in C:\xampp\htdocs\flex2\vendor\flextype-components\view\View.php at line 74
[10-May-2019 09:32:53] RuntimeException: Flextype\Component\View\View::__construct(): The 'C:/xampp/htdocs/flex2/site/plugins/templates/default' view does not exist. in C:\xampp\htdocs\flex2\vendor\flextype-components\view\View.php at line 74
[10-May-2019 09:32:55] RuntimeException: Flextype\Component\View\View::__construct(): The 'C:/xampp/htdocs/flex2/site/plugins/templates/default' view does not exist. in C:\xampp\htdocs\flex2\vendor\flextype-components\view\View.php at line 74
[10-May-2019 09:32:57] RuntimeException: Flextype\Component\View\View::__construct(): The 'C:/xampp/htdocs/flex2/site/plugins/templates/default' view does not exist. in C:\xampp\htdocs\flex2\vendor\flextype-components\view\View.php at line 74
[10-May-2019 09:33:01] RuntimeException: Flextype\Component\View\View::__construct(): The 'C:/xampp/htdocs/flex2/site/plugins/templates/default' view does not exist. in C:\xampp\htdocs\flex2\vendor\flextype-components\view\View.php at line 74
[10-May-2019 09:33:03] RuntimeException: Flextype\Component\View\View::__construct(): The 'C:/xampp/htdocs/flex2/site/plugins/templates/default' view does not exist. in C:\xampp\htdocs\flex2\vendor\flextype-components\view\View.php at line 74
[10-May-2019 09:33:04] RuntimeException: Flextype\Component\View\View::__construct(): The 'C:/xampp/htdocs/flex2/site/plugins/templates/default' view does not exist. in C:\xampp\htdocs\flex2\vendor\flextype-components\view\View.php at line 74
[10-May-2019 09:33:05] RuntimeException: Flextype\Component\View\View::__construct(): The 'C:/xampp/htdocs/flex2/site/plugins/templates/default' view does not exist. in C:\xampp\htdocs\flex2\vendor\flextype-components\view\View.php at line 74
[10-May-2019 09:33:05] RuntimeException: Flextype\Component\View\View::__construct(): The 'C:/xampp/htdocs/flex2/site/plugins/templates/default' view does not exist. in C:\xampp\htdocs\flex2\vendor\flextype-components\view\View.php at line 74
[10-May-2019 09:33:07] RuntimeException: Flextype\Component\View\View::__construct(): The 'C:/xampp/htdocs/flex2/site/plugins/templates/default' view does not exist. in C:\xampp\htdocs\flex2\vendor\flextype-components\view\View.php at line 74
[10-May-2019 09:33:07] RuntimeException: Flextype\Component\View\View::__construct(): The 'C:/xampp/htdocs/flex2/site/plugins/templates/default' view does not exist. in C:\xampp\htdocs\flex2\vendor\flextype-components\view\View.php at line 74
[10-May-2019 09:33:08] RuntimeException: Flextype\Component\View\View::__construct(): The 'C:/xampp/htdocs/flex2/site/plugins/templates/default' view does not exist. in C:\xampp\htdocs\flex2\vendor\flextype-components\view\View.php at line 74
[10-May-2019 09:33:09] RuntimeException: Flextype\Component\View\View::__construct(): The 'C:/xampp/htdocs/flex2/site/plugins/templates/default' view does not exist. in C:\xampp\htdocs\flex2\vendor\flextype-components\view\View.php at line 74
[10-May-2019 09:33:09] RuntimeException: Flextype\Component\View\View::__construct(): The 'C:/xampp/htdocs/flex2/site/plugins/templates/default' view does not exist. in C:\xampp\htdocs\flex2\vendor\flextype-components\view\View.php at line 74
[10-May-2019 09:33:09] RuntimeException: Flextype\Component\View\View::__construct(): The 'C:/xampp/htdocs/flex2/site/plugins/templates/default' view does not exist. in C:\xampp\htdocs\flex2\vendor\flextype-components\view\View.php at line 74
[10-May-2019 09:33:11] RuntimeException: Flextype\Component\View\View::__construct(): The 'C:/xampp/htdocs/flex2/site/plugins/templates/default' view does not exist. in C:\xampp\htdocs\flex2\vendor\flextype-components\view\View.php at line 74
[10-May-2019 09:33:11] RuntimeException: Flextype\Component\View\View::__construct(): The 'C:/xampp/htdocs/flex2/site/plugins/templates/default' view does not exist. in C:\xampp\htdocs\flex2\vendor\flextype-components\view\View.php at line 74
[10-May-2019 09:33:11] RuntimeException: Flextype\Component\View\View::__construct(): The 'C:/xampp/htdocs/flex2/site/plugins/templates/default' view does not exist. in C:\xampp\htdocs\flex2\vendor\flextype-components\view\View.php at line 74
[10-May-2019 09:33:14] RuntimeException: Flextype\Component\View\View::__construct(): The 'C:/xampp/htdocs/flex2/site/plugins/templates/default' view does not exist. in C:\xampp\htdocs\flex2\vendor\flextype-components\view\View.php at line 74
[10-May-2019 09:33:17] RuntimeException: Flextype\Component\View\View::__construct(): The 'C:/xampp/htdocs/flex2/site/plugins/templates/default' view does not exist. in C:\xampp\htdocs\flex2\vendor\flextype-components\view\View.php at line 74
[10-May-2019 09:33:17] RuntimeException: Flextype\Component\View\View::__construct(): The 'C:/xampp/htdocs/flex2/site/plugins/templates/default' view does not exist. in C:\xampp\htdocs\flex2\vendor\flextype-components\view\View.php at line 74
[10-May-2019 09:33:17] RuntimeException: Flextype\Component\View\View::__construct(): The 'C:/xampp/htdocs/flex2/site/plugins/templates/default' view does not exist. in C:\xampp\htdocs\flex2\vendor\flextype-components\view\View.php at line 74
[10-May-2019 09:34:12] RuntimeException: Flextype\Component\View\View::__construct(): The 'C:/xampp/htdocs/flex2/site/plugins/templates/default' view does not exist. in C:\xampp\htdocs\flex2\vendor\flextype-components\view\View.php at line 74
[10-May-2019 09:34:12] RuntimeException: Flextype\Component\View\View::__construct(): The 'C:/xampp/htdocs/flex2/site/plugins/templates/default' view does not exist. in C:\xampp\htdocs\flex2\vendor\flextype-components\view\View.php at line 74
[10-May-2019 09:34:24] RuntimeException: Flextype\Component\View\View::__construct(): The 'C:/xampp/htdocs/flex2/site/plugins/templates/default' view does not exist. in C:\xampp\htdocs\flex2\vendor\flextype-components\view\View.php at line 74
[10-May-2019 09:39:49] RuntimeException: Flextype\Component\View\View::__construct(): The 'C:/xampp/htdocs/flex2/site/plugins/templates/default' view does not exist. in C:\xampp\htdocs\flex2\vendor\flextype-components\view\View.php at line 74
[10-May-2019 09:39:59] RuntimeException: Flextype\Component\View\View::__construct(): The 'C:/xampp/htdocs/flex2/site/plugins/templates/default' view does not exist. in C:\xampp\htdocs\flex2\vendor\flextype-components\view\View.php at line 74
[10-May-2019 09:40:02] RuntimeException: Flextype\Component\View\View::__construct(): The 'C:/xampp/htdocs/flex2/site/plugins/templates/default' view does not exist. in C:\xampp\htdocs\flex2\vendor\flextype-components\view\View.php at line 74
[10-May-2019 09:40:02] RuntimeException: Flextype\Component\View\View::__construct(): The 'C:/xampp/htdocs/flex2/site/plugins/templates/default' view does not exist. in C:\xampp\htdocs\flex2\vendor\flextype-components\view\View.php at line 74
[10-May-2019 09:52:35] RuntimeException: Flextype\Component\View\View::__construct(): The 'C:/xampp/htdocs/flex2/site/plugins/templates/default' view does not exist. in C:\xampp\htdocs\flex2\vendor\flextype-components\view\View.php at line 74
[10-May-2019 09:52:58] RuntimeException: Flextype\Component\View\View::__construct(): The 'C:/xampp/htdocs/flex2/site/plugins/templates/default' view does not exist. in C:\xampp\htdocs\flex2\vendor\flextype-components\view\View.php at line 74
[10-May-2019 09:53:05] RuntimeException: Flextype\Component\View\View::__construct(): The 'C:/xampp/htdocs/flex2/site/plugins/templates/default' view does not exist. in C:\xampp\htdocs\flex2\vendor\flextype-components\view\View.php at line 74
[10-May-2019 09:53:08] RuntimeException: Flextype\Component\View\View::__construct(): The 'C:/xampp/htdocs/flex2/site/plugins/templates/default' view does not exist. in C:\xampp\htdocs\flex2\vendor\flextype-components\view\View.php at line 74
[10-May-2019 09:53:09] RuntimeException: Flextype\Component\View\View::__construct(): The 'C:/xampp/htdocs/flex2/site/plugins/templates/default' view does not exist. in C:\xampp\htdocs\flex2\vendor\flextype-components\view\View.php at line 74
[10-May-2019 09:53:36] RuntimeException: Flextype\Component\View\View::__construct(): The 'C:/xampp/htdocs/flex2/site/plugins/templates/default' view does not exist. in C:\xampp\htdocs\flex2\vendor\flextype-components\view\View.php at line 74
[10-May-2019 09:53:37] RuntimeException: Flextype\Component\View\View::__construct(): The 'C:/xampp/htdocs/flex2/site/plugins/templates/default' view does not exist. in C:\xampp\htdocs\flex2\vendor\flextype-components\view\View.php at line 74
[10-May-2019 09:53:43] RuntimeException: Flextype\Component\View\View::__construct(): The 'C:/xampp/htdocs/flex2/site/plugins/templates/default' view does not exist. in C:\xampp\htdocs\flex2\vendor\flextype-components\view\View.php at line 74
[10-May-2019 09:53:46] RuntimeException: Flextype\Component\View\View::__construct(): The 'C:/xampp/htdocs/flex2/site/plugins/templates/default' view does not exist. in C:\xampp\htdocs\flex2\vendor\flextype-components\view\View.php at line 74
[10-May-2019 09:53:46] RuntimeException: Flextype\Component\View\View::__construct(): The 'C:/xampp/htdocs/flex2/site/plugins/templates/default' view does not exist. in C:\xampp\htdocs\flex2\vendor\flextype-components\view\View.php at line 74
[10-May-2019 09:54:44] RuntimeException: Flextype\Component\View\View::__construct(): The 'C:/xampp/htdocs/flex2/site/plugins/templates/default' view does not exist. in C:\xampp\htdocs\flex2\vendor\flextype-components\view\View.php at line 74
[10-May-2019 09:55:00] RuntimeException: Flextype\Component\View\View::__construct(): The 'C:/xampp/htdocs/flex2/site/plugins/templates/default' view does not exist. in C:\xampp\htdocs\flex2\vendor\flextype-components\view\View.php at line 74
[10-May-2019 09:55:05] RuntimeException: Flextype\Component\View\View::__construct(): The 'C:/xampp/htdocs/flex2/site/plugins/templates/default' view does not exist. in C:\xampp\htdocs\flex2\vendor\flextype-components\view\View.php at line 74
[10-May-2019 09:55:05] RuntimeException: Flextype\Component\View\View::__construct(): The 'C:/xampp/htdocs/flex2/site/plugins/templates/default' view does not exist. in C:\xampp\htdocs\flex2\vendor\flextype-components\view\View.php at line 74
[10-May-2019 09:55:07] RuntimeException: Flextype\Component\View\View::__construct(): The 'C:/xampp/htdocs/flex2/site/plugins/templates/default' view does not exist. in C:\xampp\htdocs\flex2\vendor\flextype-components\view\View.php at line 74
[10-May-2019 09:55:07] RuntimeException: Flextype\Component\View\View::__construct(): The 'C:/xampp/htdocs/flex2/site/plugins/templates/default' view does not exist. in C:\xampp\htdocs\flex2\vendor\flextype-components\view\View.php at line 74
