[09-May-2019 08:06:18] RuntimeException: Decoding YAML failed: Unexpected characters ( => "opcio1","opcio2","opcio3"]) at line 14 (near "options: ["opcio1" => "opcio1","opcio2","opcio3"]"). in C:\xampp\htdocs\flex2\flextype\parsers\YamlParser.php at line 115
[09-May-2019 08:06:19] RuntimeException: Decoding YAML failed: Unexpected characters ( => "opcio1","opcio2","opcio3"]) at line 14 (near "options: ["opcio1" => "opcio1","opcio2","opcio3"]"). in C:\xampp\htdocs\flex2\flextype\parsers\YamlParser.php at line 115
[09-May-2019 08:28:27] TypeError: Argument 3 passed to Flextype\Component\Form\Form::label() must be of the type array or null, string given, called in C:\xampp\htdocs\flex2\site\plugins\admin\classes\EntriesManager.php on line 394 in C:\xampp\htdocs\flex2\vendor\flextype-components\form\Form.php at line 349
[09-May-2019 08:28:28] TypeError: Argument 3 passed to Flextype\Component\Form\Form::label() must be of the type array or null, string given, called in C:\xampp\htdocs\flex2\site\plugins\admin\classes\EntriesManager.php on line 394 in C:\xampp\htdocs\flex2\vendor\flextype-components\form\Form.php at line 349
[09-May-2019 08:31:14] TypeError: Argument 3 passed to Flextype\Component\Form\Form::label() must be of the type array or null, string given, called in C:\xampp\htdocs\flex2\site\plugins\admin\classes\EntriesManager.php on line 394 in C:\xampp\htdocs\flex2\vendor\flextype-components\form\Form.php at line 349
[09-May-2019 08:31:18] TypeError: Argument 3 passed to Flextype\Component\Form\Form::label() must be of the type array or null, string given, called in C:\xampp\htdocs\flex2\site\plugins\admin\classes\EntriesManager.php on line 394 in C:\xampp\htdocs\flex2\vendor\flextype-components\form\Form.php at line 349
[09-May-2019 08:31:18] TypeError: Argument 3 passed to Flextype\Component\Form\Form::label() must be of the type array or null, string given, called in C:\xampp\htdocs\flex2\site\plugins\admin\classes\EntriesManager.php on line 394 in C:\xampp\htdocs\flex2\vendor\flextype-components\form\Form.php at line 349
[09-May-2019 08:31:27] TypeError: Argument 3 passed to Flextype\Component\Form\Form::label() must be of the type array or null, string given, called in C:\xampp\htdocs\flex2\site\plugins\admin\classes\EntriesManager.php on line 394 in C:\xampp\htdocs\flex2\vendor\flextype-components\form\Form.php at line 349
[09-May-2019 08:32:03] TypeError: Argument 3 passed to Flextype\Component\Form\Form::label() must be of the type array or null, string given, called in C:\xampp\htdocs\flex2\site\plugins\admin\classes\EntriesManager.php on line 394 in C:\xampp\htdocs\flex2\vendor\flextype-components\form\Form.php at line 349
[09-May-2019 08:32:05] TypeError: Argument 3 passed to Flextype\Component\Form\Form::label() must be of the type array or null, string given, called in C:\xampp\htdocs\flex2\site\plugins\admin\classes\EntriesManager.php on line 394 in C:\xampp\htdocs\flex2\vendor\flextype-components\form\Form.php at line 349
[09-May-2019 08:32:05] TypeError: Argument 3 passed to Flextype\Component\Form\Form::label() must be of the type array or null, string given, called in C:\xampp\htdocs\flex2\site\plugins\admin\classes\EntriesManager.php on line 394 in C:\xampp\htdocs\flex2\vendor\flextype-components\form\Form.php at line 349
[09-May-2019 08:32:05] TypeError: Argument 3 passed to Flextype\Component\Form\Form::label() must be of the type array or null, string given, called in C:\xampp\htdocs\flex2\site\plugins\admin\classes\EntriesManager.php on line 394 in C:\xampp\htdocs\flex2\vendor\flextype-components\form\Form.php at line 349
[09-May-2019 08:32:06] TypeError: Argument 3 passed to Flextype\Component\Form\Form::label() must be of the type array or null, string given, called in C:\xampp\htdocs\flex2\site\plugins\admin\classes\EntriesManager.php on line 394 in C:\xampp\htdocs\flex2\vendor\flextype-components\form\Form.php at line 349
[09-May-2019 08:32:06] TypeError: Argument 3 passed to Flextype\Component\Form\Form::label() must be of the type array or null, string given, called in C:\xampp\htdocs\flex2\site\plugins\admin\classes\EntriesManager.php on line 394 in C:\xampp\htdocs\flex2\vendor\flextype-components\form\Form.php at line 349
[09-May-2019 08:32:39] TypeError: Argument 1 passed to Flextype\Component\Html\Html::toText() must be of the type string, array given, called in C:\xampp\htdocs\flex2\vendor\flextype-components\html\Html.php on line 123 in C:\xampp\htdocs\flex2\vendor\flextype-components\html\Html.php at line 75
[09-May-2019 08:32:39] TypeError: Argument 1 passed to Flextype\Component\Html\Html::toText() must be of the type string, array given, called in C:\xampp\htdocs\flex2\vendor\flextype-components\html\Html.php on line 123 in C:\xampp\htdocs\flex2\vendor\flextype-components\html\Html.php at line 75
[09-May-2019 08:36:47] ParseError: syntax error, unexpected 'echo' (T_ECHO), expecting function (T_FUNCTION) or const (T_CONST) in C:\xampp\htdocs\flex2\site\plugins\admin\classes\EntriesManager.php at line 466
[09-May-2019 08:36:48] ParseError: syntax error, unexpected 'echo' (T_ECHO), expecting function (T_FUNCTION) or const (T_CONST) in C:\xampp\htdocs\flex2\site\plugins\admin\classes\EntriesManager.php at line 466
[09-May-2019 08:36:49] ParseError: syntax error, unexpected 'echo' (T_ECHO), expecting function (T_FUNCTION) or const (T_CONST) in C:\xampp\htdocs\flex2\site\plugins\admin\classes\EntriesManager.php at line 466
[09-May-2019 08:36:49] ParseError: syntax error, unexpected 'echo' (T_ECHO), expecting function (T_FUNCTION) or const (T_CONST) in C:\xampp\htdocs\flex2\site\plugins\admin\classes\EntriesManager.php at line 466
[09-May-2019 08:36:49] ParseError: syntax error, unexpected 'echo' (T_ECHO), expecting function (T_FUNCTION) or const (T_CONST) in C:\xampp\htdocs\flex2\site\plugins\admin\classes\EntriesManager.php at line 466
[09-May-2019 08:36:50] ParseError: syntax error, unexpected 'echo' (T_ECHO), expecting function (T_FUNCTION) or const (T_CONST) in C:\xampp\htdocs\flex2\site\plugins\admin\classes\EntriesManager.php at line 466
[09-May-2019 08:37:21] ParseError: syntax error, unexpected 'echo' (T_ECHO), expecting function (T_FUNCTION) or const (T_CONST) in C:\xampp\htdocs\flex2\site\plugins\admin\classes\EntriesManager.php at line 467
[09-May-2019 08:37:32] ParseError: syntax error, unexpected 'echo' (T_ECHO), expecting function (T_FUNCTION) or const (T_CONST) in C:\xampp\htdocs\flex2\site\plugins\admin\classes\EntriesManager.php at line 467
[09-May-2019 08:37:32] ParseError: syntax error, unexpected 'echo' (T_ECHO), expecting function (T_FUNCTION) or const (T_CONST) in C:\xampp\htdocs\flex2\site\plugins\admin\classes\EntriesManager.php at line 467
[09-May-2019 08:38:14] ParseError: syntax error, unexpected 'echo' (T_ECHO), expecting function (T_FUNCTION) or const (T_CONST) in C:\xampp\htdocs\flex2\site\plugins\admin\classes\EntriesManager.php at line 467
[09-May-2019 08:38:24] ParseError: syntax error, unexpected 'echo' (T_ECHO), expecting function (T_FUNCTION) or const (T_CONST) in C:\xampp\htdocs\flex2\site\plugins\admin\classes\EntriesManager.php at line 467
[09-May-2019 08:38:24] ParseError: syntax error, unexpected 'echo' (T_ECHO), expecting function (T_FUNCTION) or const (T_CONST) in C:\xampp\htdocs\flex2\site\plugins\admin\classes\EntriesManager.php at line 467
[09-May-2019 08:38:25] ParseError: syntax error, unexpected 'echo' (T_ECHO), expecting function (T_FUNCTION) or const (T_CONST) in C:\xampp\htdocs\flex2\site\plugins\admin\classes\EntriesManager.php at line 467
[09-May-2019 08:38:25] ParseError: syntax error, unexpected 'echo' (T_ECHO), expecting function (T_FUNCTION) or const (T_CONST) in C:\xampp\htdocs\flex2\site\plugins\admin\classes\EntriesManager.php at line 467
[09-May-2019 08:38:26] ParseError: syntax error, unexpected 'echo' (T_ECHO), expecting function (T_FUNCTION) or const (T_CONST) in C:\xampp\htdocs\flex2\site\plugins\admin\classes\EntriesManager.php at line 467
[09-May-2019 08:38:26] ParseError: syntax error, unexpected 'echo' (T_ECHO), expecting function (T_FUNCTION) or const (T_CONST) in C:\xampp\htdocs\flex2\site\plugins\admin\classes\EntriesManager.php at line 467
[09-May-2019 08:38:26] ParseError: syntax error, unexpected 'echo' (T_ECHO), expecting function (T_FUNCTION) or const (T_CONST) in C:\xampp\htdocs\flex2\site\plugins\admin\classes\EntriesManager.php at line 467
[09-May-2019 09:44:39] RuntimeException: Decoding YAML failed: Duplicate key "x" detected at line 30 (near "  size: col-6"). in C:\xampp\htdocs\flex2\flextype\parsers\YamlParser.php at line 115
[09-May-2019 09:44:40] RuntimeException: Decoding YAML failed: Duplicate key "x" detected at line 30 (near "  size: col-6"). in C:\xampp\htdocs\flex2\flextype\parsers\YamlParser.php at line 115
[09-May-2019 09:44:40] RuntimeException: Decoding YAML failed: Duplicate key "x" detected at line 30 (near "  size: col-6"). in C:\xampp\htdocs\flex2\flextype\parsers\YamlParser.php at line 115
[09-May-2019 09:49:41] TypeError: Argument 1 passed to Flextype\Component\I18n\__() must be of the type string, null given, called in C:\xampp\htdocs\flex2\site\plugins\admin\classes\EntriesManager.php on line 394 in C:\xampp\htdocs\flex2\vendor\flextype-components\i18n\I18n.php at line 97
[09-May-2019 10:59:04] Error: Class 'Flextype\Text' not found in C:\xampp\htdocs\flex2\site\plugins\admin\views\templates\system\settings\list.php at line 50
[09-May-2019 10:59:05] Error: Class 'Flextype\Text' not found in C:\xampp\htdocs\flex2\site\plugins\admin\views\templates\system\settings\list.php at line 50
[09-May-2019 11:02:36] TypeError: Argument 1 passed to Flextype\Component\Text\Text::safeString() must be of the type string, null given, called in C:\xampp\htdocs\flex2\site\plugins\admin\views\templates\system\settings\list.php on line 55 in C:\xampp\htdocs\flex2\vendor\flextype-components\text\Text.php at line 418
[09-May-2019 11:24:26] ErrorException: Notice: Undefined index: header in C:\xampp\htdocs\flex2\site\plugins\admin\views\templates\system\settings\list.php at line 55
[09-May-2019 11:26:06] ErrorException: Notice: Undefined index: header in C:\xampp\htdocs\flex2\site\plugins\admin\views\templates\system\settings\list.php at line 55
[09-May-2019 11:27:35] ErrorException: Notice: Undefined index: header in C:\xampp\htdocs\flex2\site\plugins\admin\views\templates\system\settings\list.php at line 55
[09-May-2019 11:27:38] ErrorException: Notice: Undefined index: locale in C:\xampp\htdocs\flex2\site\plugins\admin\views\templates\content\entries\list.php at line 37
[09-May-2019 11:27:39] ErrorException: Notice: Undefined index: locale in C:\xampp\htdocs\flex2\site\plugins\admin\views\templates\content\entries\list.php at line 37
[09-May-2019 11:27:40] ErrorException: Notice: Undefined index: locale in C:\xampp\htdocs\flex2\site\plugins\admin\views\templates\content\entries\list.php at line 37
[09-May-2019 11:27:40] ErrorException: Notice: Undefined index: locale in C:\xampp\htdocs\flex2\site\plugins\admin\views\templates\content\entries\list.php at line 37
[09-May-2019 11:27:40] ErrorException: Notice: Undefined index: locale in C:\xampp\htdocs\flex2\site\plugins\admin\views\templates\content\entries\list.php at line 37
[09-May-2019 11:27:40] ErrorException: Notice: Undefined index: locale in C:\xampp\htdocs\flex2\site\plugins\admin\views\templates\content\entries\list.php at line 37
[09-May-2019 11:27:41] ErrorException: Notice: Undefined index: locale in C:\xampp\htdocs\flex2\site\plugins\admin\views\templates\content\entries\list.php at line 37
[09-May-2019 11:27:41] ErrorException: Notice: Undefined index: locale in C:\xampp\htdocs\flex2\site\plugins\admin\views\templates\content\entries\list.php at line 37
[09-May-2019 11:27:41] ErrorException: Notice: Undefined index: locale in C:\xampp\htdocs\flex2\site\plugins\admin\views\templates\content\entries\list.php at line 37
[09-May-2019 11:27:41] ErrorException: Notice: Undefined index: locale in C:\xampp\htdocs\flex2\site\plugins\admin\views\templates\content\entries\list.php at line 37
[09-May-2019 11:27:41] ErrorException: Notice: Undefined index: locale in C:\xampp\htdocs\flex2\site\plugins\admin\views\templates\content\entries\list.php at line 37
[09-May-2019 11:27:41] ErrorException: Notice: Undefined index: locale in C:\xampp\htdocs\flex2\site\plugins\admin\views\templates\content\entries\list.php at line 37
[09-May-2019 11:27:42] ErrorException: Notice: Undefined index: locale in C:\xampp\htdocs\flex2\site\plugins\admin\views\templates\content\entries\list.php at line 37
[09-May-2019 11:27:42] ErrorException: Notice: Undefined index: locale in C:\xampp\htdocs\flex2\site\plugins\admin\views\templates\content\entries\list.php at line 37
[09-May-2019 11:27:42] ErrorException: Notice: Undefined index: locale in C:\xampp\htdocs\flex2\site\plugins\admin\views\templates\content\entries\list.php at line 37
[09-May-2019 11:27:42] ErrorException: Notice: Undefined index: locale in C:\xampp\htdocs\flex2\site\plugins\admin\views\templates\content\entries\list.php at line 37
[09-May-2019 11:27:42] ErrorException: Notice: Undefined index: locale in C:\xampp\htdocs\flex2\site\plugins\admin\views\templates\content\entries\list.php at line 37
[09-May-2019 11:27:42] ErrorException: Notice: Undefined index: locale in C:\xampp\htdocs\flex2\site\plugins\admin\views\templates\content\entries\list.php at line 37
[09-May-2019 11:27:43] ErrorException: Notice: Undefined index: locale in C:\xampp\htdocs\flex2\site\plugins\admin\views\templates\content\entries\list.php at line 37
[09-May-2019 11:27:43] ErrorException: Notice: Undefined index: locale in C:\xampp\htdocs\flex2\site\plugins\admin\views\templates\content\entries\list.php at line 37
[09-May-2019 11:27:43] ErrorException: Notice: Undefined index: locale in C:\xampp\htdocs\flex2\site\plugins\admin\views\templates\content\entries\list.php at line 37
[09-May-2019 11:27:43] ErrorException: Notice: Undefined index: locale in C:\xampp\htdocs\flex2\site\plugins\admin\views\templates\content\entries\list.php at line 37
[09-May-2019 11:27:43] ErrorException: Notice: Undefined index: locale in C:\xampp\htdocs\flex2\site\plugins\admin\views\templates\content\entries\list.php at line 37
[09-May-2019 11:27:43] ErrorException: Notice: Undefined index: locale in C:\xampp\htdocs\flex2\site\plugins\admin\views\templates\content\entries\list.php at line 37
[09-May-2019 11:28:13] ErrorException: Notice: Undefined index: locale in C:\xampp\htdocs\flex2\site\plugins\admin\views\templates\content\entries\list.php at line 37
[09-May-2019 11:28:14] ErrorException: Notice: Undefined index: locale in C:\xampp\htdocs\flex2\site\plugins\admin\views\templates\content\entries\list.php at line 37
[09-May-2019 11:28:14] ErrorException: Notice: Undefined index: locale in C:\xampp\htdocs\flex2\site\plugins\admin\views\templates\content\entries\list.php at line 37
[09-May-2019 11:28:14] ErrorException: Notice: Undefined index: locale in C:\xampp\htdocs\flex2\site\plugins\admin\views\templates\content\entries\list.php at line 37
[09-May-2019 11:28:14] ErrorException: Notice: Undefined index: locale in C:\xampp\htdocs\flex2\site\plugins\admin\views\templates\content\entries\list.php at line 37
[09-May-2019 11:28:15] ErrorException: Notice: Undefined index: locale in C:\xampp\htdocs\flex2\site\plugins\admin\views\templates\content\entries\list.php at line 37
[09-May-2019 11:28:15] ErrorException: Notice: Undefined index: locale in C:\xampp\htdocs\flex2\site\plugins\admin\views\templates\content\entries\list.php at line 37
[09-May-2019 11:28:15] ErrorException: Notice: Undefined index: locale in C:\xampp\htdocs\flex2\site\plugins\admin\views\templates\content\entries\list.php at line 37
[09-May-2019 11:28:16] ErrorException: Notice: Undefined index: locale in C:\xampp\htdocs\flex2\site\plugins\admin\views\templates\content\entries\list.php at line 37
[09-May-2019 11:28:37] ErrorException: Notice: Undefined index: locale in C:\xampp\htdocs\flex2\site\plugins\admin\views\templates\content\entries\list.php at line 37
[09-May-2019 11:28:38] ErrorException: Notice: Undefined index: locale in C:\xampp\htdocs\flex2\site\plugins\admin\views\templates\content\entries\list.php at line 37
[09-May-2019 11:28:38] ErrorException: Notice: Undefined index: locale in C:\xampp\htdocs\flex2\site\plugins\admin\views\templates\content\entries\list.php at line 37
[09-May-2019 11:28:38] ErrorException: Notice: Undefined index: locale in C:\xampp\htdocs\flex2\site\plugins\admin\views\templates\content\entries\list.php at line 37
[09-May-2019 11:29:28] ErrorException: Notice: Undefined index: locale in C:\xampp\htdocs\flex2\site\plugins\admin\views\templates\content\entries\list.php at line 37
[09-May-2019 11:29:29] ErrorException: Notice: Undefined index: locale in C:\xampp\htdocs\flex2\site\plugins\admin\views\templates\content\entries\list.php at line 37
[09-May-2019 11:29:29] ErrorException: Notice: Undefined index: locale in C:\xampp\htdocs\flex2\site\plugins\admin\views\templates\content\entries\list.php at line 37
[09-May-2019 11:29:29] ErrorException: Notice: Undefined index: locale in C:\xampp\htdocs\flex2\site\plugins\admin\views\templates\content\entries\list.php at line 37
[09-May-2019 11:29:29] ErrorException: Notice: Undefined index: locale in C:\xampp\htdocs\flex2\site\plugins\admin\views\templates\content\entries\list.php at line 37
[09-May-2019 11:29:29] ErrorException: Notice: Undefined index: locale in C:\xampp\htdocs\flex2\site\plugins\admin\views\templates\content\entries\list.php at line 37
[09-May-2019 11:29:29] ErrorException: Notice: Undefined index: locale in C:\xampp\htdocs\flex2\site\plugins\admin\views\templates\content\entries\list.php at line 37
[09-May-2019 11:29:30] ErrorException: Notice: Undefined index: locale in C:\xampp\htdocs\flex2\site\plugins\admin\views\templates\content\entries\list.php at line 37
[09-May-2019 11:29:30] ErrorException: Notice: Undefined index: locale in C:\xampp\htdocs\flex2\site\plugins\admin\views\templates\content\entries\list.php at line 37
[09-May-2019 11:29:30] ErrorException: Notice: Undefined index: locale in C:\xampp\htdocs\flex2\site\plugins\admin\views\templates\content\entries\list.php at line 37
[09-May-2019 11:29:30] ErrorException: Notice: Undefined index: locale in C:\xampp\htdocs\flex2\site\plugins\admin\views\templates\content\entries\list.php at line 37
[09-May-2019 11:29:30] ErrorException: Notice: Undefined index: locale in C:\xampp\htdocs\flex2\site\plugins\admin\views\templates\content\entries\list.php at line 37
[09-May-2019 11:29:30] ErrorException: Notice: Undefined index: locale in C:\xampp\htdocs\flex2\site\plugins\admin\views\templates\content\entries\list.php at line 37
[09-May-2019 11:29:31] ErrorException: Notice: Undefined index: locale in C:\xampp\htdocs\flex2\site\plugins\admin\views\templates\content\entries\list.php at line 37
[09-May-2019 11:29:31] ErrorException: Notice: Undefined index: locale in C:\xampp\htdocs\flex2\site\plugins\admin\views\templates\content\entries\list.php at line 37
[09-May-2019 11:29:34] ErrorException: Notice: Undefined index: locale in C:\xampp\htdocs\flex2\site\plugins\admin\views\templates\content\entries\list.php at line 37
[09-May-2019 11:29:36] RuntimeException: Flextype\Component\View\View::__construct(): The 'C:/xampp/htdocs/flex2/site/plugins/partials/navigationDarker' view does not exist. in C:\xampp\htdocs\flex2\vendor\flextype-components\view\View.php at line 74
[09-May-2019 11:29:41] ErrorException: Notice: Undefined index: locale in C:\xampp\htdocs\flex2\site\plugins\admin\views\templates\content\entries\list.php at line 37
[09-May-2019 11:31:01] ErrorException: Notice: Undefined index: header in C:\xampp\htdocs\flex2\site\plugins\admin\views\templates\system\settings\list.php at line 46
[09-May-2019 11:31:15] ErrorException: Notice: Undefined index: header in C:\xampp\htdocs\flex2\site\plugins\admin\views\templates\system\settings\list.php at line 49
[09-May-2019 11:31:35] ErrorException: Notice: Undefined index: header in C:\xampp\htdocs\flex2\site\plugins\admin\views\templates\system\settings\list.php at line 49
[09-May-2019 11:31:38] ErrorException: Notice: Undefined index: header in C:\xampp\htdocs\flex2\site\plugins\admin\views\templates\system\settings\list.php at line 49
[09-May-2019 11:31:38] ErrorException: Notice: Undefined index: header in C:\xampp\htdocs\flex2\site\plugins\admin\views\templates\system\settings\list.php at line 49
[09-May-2019 11:31:38] ErrorException: Notice: Undefined index: header in C:\xampp\htdocs\flex2\site\plugins\admin\views\templates\system\settings\list.php at line 49
[09-May-2019 11:31:38] ErrorException: Notice: Undefined index: header in C:\xampp\htdocs\flex2\site\plugins\admin\views\templates\system\settings\list.php at line 49
[09-May-2019 11:53:42] ErrorException: Notice: Undefined variable: headers in C:\xampp\htdocs\flex2\site\plugins\admin\views\templates\system\settings\list.php at line 44
[09-May-2019 13:07:59] Error: Class 'Flextype\PartialsManager' not found in C:\xampp\htdocs\flex2\site\plugins\admin\admin.php at line 158
[09-May-2019 13:08:24] Error: Class 'Flextype\PartialsManager' not found in C:\xampp\htdocs\flex2\site\plugins\admin\admin.php at line 158
[09-May-2019 13:08:24] Error: Class 'Flextype\PartialsManager' not found in C:\xampp\htdocs\flex2\site\plugins\admin\admin.php at line 158
[09-May-2019 13:08:25] Error: Class 'Flextype\PartialsManager' not found in C:\xampp\htdocs\flex2\site\plugins\admin\admin.php at line 158
[09-May-2019 13:08:26] Error: Class 'Flextype\PartialsManager' not found in C:\xampp\htdocs\flex2\site\plugins\admin\admin.php at line 158
[09-May-2019 13:10:28] ParseError: syntax error, unexpected end of file, expecting function (T_FUNCTION) or const (T_CONST) in C:\xampp\htdocs\flex2\site\plugins\admin\classes\TemplatesManager.php at line 259
[09-May-2019 13:10:29] ParseError: syntax error, unexpected end of file, expecting function (T_FUNCTION) or const (T_CONST) in C:\xampp\htdocs\flex2\site\plugins\admin\classes\TemplatesManager.php at line 259
[09-May-2019 13:10:30] ParseError: syntax error, unexpected end of file, expecting function (T_FUNCTION) or const (T_CONST) in C:\xampp\htdocs\flex2\site\plugins\admin\classes\TemplatesManager.php at line 259
[09-May-2019 13:10:30] ParseError: syntax error, unexpected end of file, expecting function (T_FUNCTION) or const (T_CONST) in C:\xampp\htdocs\flex2\site\plugins\admin\classes\TemplatesManager.php at line 259
[09-May-2019 13:10:30] ParseError: syntax error, unexpected end of file, expecting function (T_FUNCTION) or const (T_CONST) in C:\xampp\htdocs\flex2\site\plugins\admin\classes\TemplatesManager.php at line 259
[09-May-2019 13:10:31] ParseError: syntax error, unexpected end of file, expecting function (T_FUNCTION) or const (T_CONST) in C:\xampp\htdocs\flex2\site\plugins\admin\classes\TemplatesManager.php at line 259
[09-May-2019 13:10:31] ParseError: syntax error, unexpected end of file, expecting function (T_FUNCTION) or const (T_CONST) in C:\xampp\htdocs\flex2\site\plugins\admin\classes\TemplatesManager.php at line 259
[09-May-2019 13:10:31] ParseError: syntax error, unexpected end of file, expecting function (T_FUNCTION) or const (T_CONST) in C:\xampp\htdocs\flex2\site\plugins\admin\classes\TemplatesManager.php at line 259
[09-May-2019 13:24:01] ParseError: syntax error, unexpected ',' in C:\xampp\htdocs\flex2\site\plugins\admin\admin.php at line 57
[09-May-2019 13:24:02] ParseError: syntax error, unexpected ',' in C:\xampp\htdocs\flex2\site\plugins\admin\admin.php at line 57
[09-May-2019 13:24:21] ParseError: syntax error, unexpected ',' in C:\xampp\htdocs\flex2\site\plugins\admin\admin.php at line 57
[09-May-2019 13:24:21] ParseError: syntax error, unexpected ',' in C:\xampp\htdocs\flex2\site\plugins\admin\admin.php at line 57
[09-May-2019 13:24:22] ParseError: syntax error, unexpected ',' in C:\xampp\htdocs\flex2\site\plugins\admin\admin.php at line 57
[09-May-2019 13:24:22] ParseError: syntax error, unexpected ',' in C:\xampp\htdocs\flex2\site\plugins\admin\admin.php at line 57
[09-May-2019 13:24:22] ParseError: syntax error, unexpected ',' in C:\xampp\htdocs\flex2\site\plugins\admin\admin.php at line 57
[09-May-2019 13:24:23] ParseError: syntax error, unexpected ',' in C:\xampp\htdocs\flex2\site\plugins\admin\admin.php at line 57
[09-May-2019 13:24:23] ParseError: syntax error, unexpected ',' in C:\xampp\htdocs\flex2\site\plugins\admin\admin.php at line 57
[09-May-2019 13:24:23] ParseError: syntax error, unexpected ',' in C:\xampp\htdocs\flex2\site\plugins\admin\admin.php at line 57
[09-May-2019 13:24:23] ParseError: syntax error, unexpected ',' in C:\xampp\htdocs\flex2\site\plugins\admin\admin.php at line 57
[09-May-2019 13:24:23] ParseError: syntax error, unexpected ',' in C:\xampp\htdocs\flex2\site\plugins\admin\admin.php at line 57
[09-May-2019 13:24:23] ParseError: syntax error, unexpected ',' in C:\xampp\htdocs\flex2\site\plugins\admin\admin.php at line 57
[09-May-2019 13:24:23] ParseError: syntax error, unexpected ',' in C:\xampp\htdocs\flex2\site\plugins\admin\admin.php at line 57
[09-May-2019 13:24:23] ParseError: syntax error, unexpected ',' in C:\xampp\htdocs\flex2\site\plugins\admin\admin.php at line 57
[09-May-2019 13:24:24] ParseError: syntax error, unexpected ',' in C:\xampp\htdocs\flex2\site\plugins\admin\admin.php at line 57
[09-May-2019 13:24:24] ParseError: syntax error, unexpected ',' in C:\xampp\htdocs\flex2\site\plugins\admin\admin.php at line 57
[09-May-2019 13:24:24] ParseError: syntax error, unexpected ',' in C:\xampp\htdocs\flex2\site\plugins\admin\admin.php at line 57
[09-May-2019 13:24:24] ParseError: syntax error, unexpected ',' in C:\xampp\htdocs\flex2\site\plugins\admin\admin.php at line 57
[09-May-2019 13:24:24] ParseError: syntax error, unexpected ',' in C:\xampp\htdocs\flex2\site\plugins\admin\admin.php at line 57
[09-May-2019 13:24:24] ParseError: syntax error, unexpected ',' in C:\xampp\htdocs\flex2\site\plugins\admin\admin.php at line 57
[09-May-2019 13:24:24] ParseError: syntax error, unexpected ',' in C:\xampp\htdocs\flex2\site\plugins\admin\admin.php at line 57
[09-May-2019 13:24:24] ParseError: syntax error, unexpected ',' in C:\xampp\htdocs\flex2\site\plugins\admin\admin.php at line 57
[09-May-2019 13:24:25] ParseError: syntax error, unexpected ',' in C:\xampp\htdocs\flex2\site\plugins\admin\admin.php at line 57
[09-May-2019 13:24:25] ParseError: syntax error, unexpected ',' in C:\xampp\htdocs\flex2\site\plugins\admin\admin.php at line 57
[09-May-2019 13:24:25] ParseError: syntax error, unexpected ',' in C:\xampp\htdocs\flex2\site\plugins\admin\admin.php at line 57
[09-May-2019 13:24:49] TypeError: Argument 5 passed to Flextype\NavigationManager::addItem() must be of the type array, string given, called in C:\xampp\htdocs\flex2\site\plugins\admin\admin.php on line 57 in C:\xampp\htdocs\flex2\site\plugins\admin\classes\NavigationManager.php at line 9
[09-May-2019 13:24:50] TypeError: Argument 5 passed to Flextype\NavigationManager::addItem() must be of the type array, string given, called in C:\xampp\htdocs\flex2\site\plugins\admin\admin.php on line 57 in C:\xampp\htdocs\flex2\site\plugins\admin\classes\NavigationManager.php at line 9
[09-May-2019 13:24:50] TypeError: Argument 5 passed to Flextype\NavigationManager::addItem() must be of the type array, string given, called in C:\xampp\htdocs\flex2\site\plugins\admin\admin.php on line 57 in C:\xampp\htdocs\flex2\site\plugins\admin\classes\NavigationManager.php at line 9
[09-May-2019 13:24:51] TypeError: Argument 5 passed to Flextype\NavigationManager::addItem() must be of the type array, string given, called in C:\xampp\htdocs\flex2\site\plugins\admin\admin.php on line 57 in C:\xampp\htdocs\flex2\site\plugins\admin\classes\NavigationManager.php at line 9
[09-May-2019 13:24:51] TypeError: Argument 5 passed to Flextype\NavigationManager::addItem() must be of the type array, string given, called in C:\xampp\htdocs\flex2\site\plugins\admin\admin.php on line 57 in C:\xampp\htdocs\flex2\site\plugins\admin\classes\NavigationManager.php at line 9
[09-May-2019 13:25:43] TypeError: Argument 5 passed to Flextype\NavigationManager::addItem() must be of the type array, string given, called in C:\xampp\htdocs\flex2\site\plugins\admin\admin.php on line 57 in C:\xampp\htdocs\flex2\site\plugins\admin\classes\NavigationManager.php at line 9
[09-May-2019 13:25:43] TypeError: Argument 5 passed to Flextype\NavigationManager::addItem() must be of the type array, string given, called in C:\xampp\htdocs\flex2\site\plugins\admin\admin.php on line 57 in C:\xampp\htdocs\flex2\site\plugins\admin\classes\NavigationManager.php at line 9
[09-May-2019 13:25:44] TypeError: Argument 5 passed to Flextype\NavigationManager::addItem() must be of the type array, string given, called in C:\xampp\htdocs\flex2\site\plugins\admin\admin.php on line 57 in C:\xampp\htdocs\flex2\site\plugins\admin\classes\NavigationManager.php at line 9
[09-May-2019 13:25:44] TypeError: Argument 5 passed to Flextype\NavigationManager::addItem() must be of the type array, string given, called in C:\xampp\htdocs\flex2\site\plugins\admin\admin.php on line 57 in C:\xampp\htdocs\flex2\site\plugins\admin\classes\NavigationManager.php at line 9
[09-May-2019 13:25:44] TypeError: Argument 5 passed to Flextype\NavigationManager::addItem() must be of the type array, string given, called in C:\xampp\htdocs\flex2\site\plugins\admin\admin.php on line 57 in C:\xampp\htdocs\flex2\site\plugins\admin\classes\NavigationManager.php at line 9
[09-May-2019 13:25:44] TypeError: Argument 5 passed to Flextype\NavigationManager::addItem() must be of the type array, string given, called in C:\xampp\htdocs\flex2\site\plugins\admin\admin.php on line 57 in C:\xampp\htdocs\flex2\site\plugins\admin\classes\NavigationManager.php at line 9
[09-May-2019 13:25:45] TypeError: Argument 5 passed to Flextype\NavigationManager::addItem() must be of the type array, string given, called in C:\xampp\htdocs\flex2\site\plugins\admin\admin.php on line 57 in C:\xampp\htdocs\flex2\site\plugins\admin\classes\NavigationManager.php at line 9
[09-May-2019 13:25:45] TypeError: Argument 5 passed to Flextype\NavigationManager::addItem() must be of the type array, string given, called in C:\xampp\htdocs\flex2\site\plugins\admin\admin.php on line 57 in C:\xampp\htdocs\flex2\site\plugins\admin\classes\NavigationManager.php at line 9
[09-May-2019 13:25:45] TypeError: Argument 5 passed to Flextype\NavigationManager::addItem() must be of the type array, string given, called in C:\xampp\htdocs\flex2\site\plugins\admin\admin.php on line 57 in C:\xampp\htdocs\flex2\site\plugins\admin\classes\NavigationManager.php at line 9
[09-May-2019 13:31:46] RuntimeException: No item "admin_navigation.partials" exists in the registry. in C:\xampp\htdocs\flex2\vendor\flextype-components\registry\Registry.php at line 71
[09-May-2019 13:31:47] RuntimeException: No item "admin_navigation.partials" exists in the registry. in C:\xampp\htdocs\flex2\vendor\flextype-components\registry\Registry.php at line 71
[09-May-2019 13:31:48] RuntimeException: No item "admin_navigation.partials" exists in the registry. in C:\xampp\htdocs\flex2\vendor\flextype-components\registry\Registry.php at line 71
[09-May-2019 13:31:48] RuntimeException: No item "admin_navigation.partials" exists in the registry. in C:\xampp\htdocs\flex2\vendor\flextype-components\registry\Registry.php at line 71
[09-May-2019 13:31:48] RuntimeException: No item "admin_navigation.partials" exists in the registry. in C:\xampp\htdocs\flex2\vendor\flextype-components\registry\Registry.php at line 71
[09-May-2019 13:31:48] RuntimeException: No item "admin_navigation.partials" exists in the registry. in C:\xampp\htdocs\flex2\vendor\flextype-components\registry\Registry.php at line 71
[09-May-2019 13:31:49] RuntimeException: No item "admin_navigation.partials" exists in the registry. in C:\xampp\htdocs\flex2\vendor\flextype-components\registry\Registry.php at line 71
